This is XeTeX, Version 3.14159265-2.6-0.99996 (MiKTeX 2.9.6100) (preloaded format=xelatex 2016.11.7)  1 FEB 2017 14:33
entering extended mode
**./deck_u1_1B.tex
(deck_u1_1B.tex
LaTeX2e <2016/03/31> patch level 3
Babel <3.9r> and hyphenation patterns for 72 language(s) loaded.

("C:\Users\sig35\AppData\Local\Programs\MiKTeX 2.9\tex\latex\beamer\base\beamer
.cls"
("C:\Users\sig35\AppData\Local\Programs\MiKTeX 2.9\tex\latex\beamer\base\beamer
basercs.sty"
Package: beamerbasercs 2015/03/08 (rcs-revision 368aa9ba9d38)
)
Document Class: beamer 2015/01/05 3.36 A class for typesetting presentations (r
cs-revision 8a39122e1f63)

("C:\Users\sig35\AppData\Local\Programs\MiKTeX 2.9\tex\latex\beamer\base\beamer
basemodes.sty"
Package: beamerbasemodes 2013/09/03 (rcs-revision 768f2d98ca64)
\beamer@tempbox=\box26
\beamer@tempcount=\count79
\c@beamerpauses=\count80

("C:\Users\sig35\AppData\Local\Programs\MiKTeX 2.9\tex\latex\beamer\base\beamer
basedecode.sty"
Package: beamerbasedecode 2010/05/01 (rcs-revision efa082c6111d)
\beamer@slideinframe=\count81
\beamer@minimum=\count82
)
\beamer@commentbox=\box27
\beamer@modecount=\count83
)
("C:\Users\sig35\AppData\Local\Programs\MiKTeX 2.9\tex\generic\oberdiek\ifpdf.s
ty"
Package: ifpdf 2016/05/14 v3.1 Provides the ifpdf switch
)
\headheight=\dimen102
\headdp=\dimen103
\footheight=\dimen104
\sidebarheight=\dimen105
\beamer@tempdim=\dimen106
\beamer@finalheight=\dimen107
\beamer@animht=\dimen108
\beamer@animdp=\dimen109
\beamer@animwd=\dimen110
\beamer@leftmargin=\dimen111
\beamer@rightmargin=\dimen112
\beamer@leftsidebar=\dimen113
\beamer@rightsidebar=\dimen114
\beamer@boxsize=\dimen115
\beamer@vboxoffset=\dimen116
\beamer@descdefault=\dimen117
\beamer@descriptionwidth=\dimen118
\beamer@lastskip=\skip41
\beamer@areabox=\box28
\beamer@animcurrent=\box29
\beamer@animshowbox=\box30
\beamer@sectionbox=\box31
\beamer@logobox=\box32
\beamer@linebox=\box33
\beamer@sectioncount=\count84
\beamer@subsubsectionmax=\count85
\beamer@subsectionmax=\count86
\beamer@sectionmax=\count87
\beamer@totalheads=\count88
\beamer@headcounter=\count89
\beamer@partstartpage=\count90
\beamer@sectionstartpage=\count91
\beamer@subsectionstartpage=\count92
\beamer@animationtempa=\count93
\beamer@animationtempb=\count94
\beamer@xpos=\count95
\beamer@ypos=\count96
\beamer@showpartnumber=\count97
\beamer@currentsubsection=\count98
\beamer@coveringdepth=\count99
\beamer@sectionadjust=\count100
\beamer@tocsectionnumber=\count101

("C:\Users\sig35\AppData\Local\Programs\MiKTeX 2.9\tex\latex\beamer\base\beamer
baseoptions.sty"
Package: beamerbaseoptions 2013/03/10 (rcs-revision 47431932db0d)

("C:\Users\sig35\AppData\Local\Programs\MiKTeX 2.9\tex\latex\graphics\keyval.st
y"
Package: keyval 2014/10/28 v1.15 key=value parser (DPC)
\KV@toks@=\toks14
))
\beamer@paperwidth=\skip42
\beamer@paperheight=\skip43

("C:\Users\sig35\AppData\Local\Programs\MiKTeX 2.9\tex\latex\geometry\geometry.
sty"
Package: geometry 2010/09/12 v5.6 Page Geometry

("C:\Users\sig35\AppData\Local\Programs\MiKTeX 2.9\tex\generic\oberdiek\ifvtex.
sty"
Package: ifvtex 2016/05/16 v1.6 Detect VTeX and its facilities (HO)
Package ifvtex Info: VTeX not detected.
)
("C:\Users\sig35\AppData\Local\Programs\MiKTeX 2.9\tex\generic\ifxetex\ifxetex.
sty"
Package: ifxetex 2010/09/12 v0.6 Provides ifxetex conditional
)
\Gm@cnth=\count102
\Gm@cntv=\count103
\c@Gm@tempcnt=\count104
\Gm@bindingoffset=\dimen119
\Gm@wd@mp=\dimen120
\Gm@odd@mp=\dimen121
\Gm@even@mp=\dimen122
\Gm@layoutwidth=\dimen123
\Gm@layoutheight=\dimen124
\Gm@layouthoffset=\dimen125
\Gm@layoutvoffset=\dimen126
\Gm@dimlist=\toks15

("C:\Users\sig35\AppData\Local\Programs\MiKTeX 2.9\tex\xelatex\xetexconfig\geom
etry.cfg"))
("C:\Users\sig35\AppData\Local\Programs\MiKTeX 2.9\tex\latex\base\size11.clo"
File: size11.clo 2014/09/29 v1.4h Standard LaTeX file (size option)
)
("C:\Users\sig35\AppData\Local\Programs\MiKTeX 2.9\tex\latex\pgf\basiclayer\pgf
core.sty"
("C:\Users\sig35\AppData\Local\Programs\MiKTeX 2.9\tex\latex\graphics\graphicx.
sty"
Package: graphicx 2014/10/28 v1.0g Enhanced LaTeX Graphics (DPC,SPQR)

("C:\Users\sig35\AppData\Local\Programs\MiKTeX 2.9\tex\latex\graphics\graphics.
sty"
Package: graphics 2016/07/10 v1.0t Standard LaTeX Graphics (DPC,SPQR)

("C:\Users\sig35\AppData\Local\Programs\MiKTeX 2.9\tex\latex\graphics\trig.sty"
Package: trig 2016/01/03 v1.10 sin cos tan (DPC)
)
("C:\Users\sig35\AppData\Local\Programs\MiKTeX 2.9\tex\latex\graphics-cfg\graph
ics.cfg"
File: graphics.cfg 2016/06/04 v1.11 sample graphics configuration
)
Package graphics Info: Driver file: xetex.def on input line 99.

("C:\Users\sig35\AppData\Local\Programs\MiKTeX 2.9\tex\latex\graphics-def\xetex
.def"
File: xetex.def 2016/07/11 v4.10 LaTeX color/graphics driver for XeTeX (L3/RRM/
JK)
))
\Gin@req@height=\dimen127
\Gin@req@width=\dimen128
)
("C:\Users\sig35\AppData\Local\Programs\MiKTeX 2.9\tex\latex\pgf\systemlayer\pg
fsys.sty"
("C:\Users\sig35\AppData\Local\Programs\MiKTeX 2.9\tex\latex\pgf\utilities\pgfr
cs.sty"
("C:\Users\sig35\AppData\Local\Programs\MiKTeX 2.9\tex\generic\pgf\utilities\pg
futil-common.tex"
\pgfutil@everybye=\toks16
\pgfutil@tempdima=\dimen129
\pgfutil@tempdimb=\dimen130

("C:\Users\sig35\AppData\Local\Programs\MiKTeX 2.9\tex\generic\pgf\utilities\pg
futil-common-lists.tex"))
("C:\Users\sig35\AppData\Local\Programs\MiKTeX 2.9\tex\generic\pgf\utilities\pg
futil-latex.def"
\pgfutil@abb=\box34

("C:\Users\sig35\AppData\Local\Programs\MiKTeX 2.9\tex\latex\ms\everyshi.sty"
Package: everyshi 2001/05/15 v3.00 EveryShipout Package (MS)
))
("C:\Users\sig35\AppData\Local\Programs\MiKTeX 2.9\tex\generic\pgf\utilities\pg
frcs.code.tex"
Package: pgfrcs 2015/08/07 v3.0.1a (rcs-revision 1.31)
))
("C:\Users\sig35\AppData\Local\Programs\MiKTeX 2.9\tex\generic\pgf\systemlayer\
pgfsys.code.tex"
Package: pgfsys 2014/07/09 v3.0.1a (rcs-revision 1.48)

("C:\Users\sig35\AppData\Local\Programs\MiKTeX 2.9\tex\generic\pgf\utilities\pg
fkeys.code.tex"
\pgfkeys@pathtoks=\toks17
\pgfkeys@temptoks=\toks18

("C:\Users\sig35\AppData\Local\Programs\MiKTeX 2.9\tex\generic\pgf\utilities\pg
fkeysfiltered.code.tex"
\pgfkeys@tmptoks=\toks19
))
\pgf@x=\dimen131
\pgf@y=\dimen132
\pgf@xa=\dimen133
\pgf@ya=\dimen134
\pgf@xb=\dimen135
\pgf@yb=\dimen136
\pgf@xc=\dimen137
\pgf@yc=\dimen138
\w@pgf@writea=\write3
\r@pgf@reada=\read1
\c@pgf@counta=\count105
\c@pgf@countb=\count106
\c@pgf@countc=\count107
\c@pgf@countd=\count108
\t@pgf@toka=\toks20
\t@pgf@tokb=\toks21
\t@pgf@tokc=\toks22

("C:\Users\sig35\AppData\Local\Programs\MiKTeX 2.9\tex\generic\pgf\systemlayer\
pgf.cfg"
File: pgf.cfg 2008/05/14  (rcs-revision 1.7)
)
Driver file for pgf: pgfsys-xetex.def

("C:\Users\sig35\AppData\Local\Programs\MiKTeX 2.9\tex\generic\pgf\systemlayer\
pgfsys-xetex.def"
File: pgfsys-xetex.def 2014/07/09  (rcs-revision 1.11)

("C:\Users\sig35\AppData\Local\Programs\MiKTeX 2.9\tex\generic\pgf\systemlayer\
pgfsys-dvipdfmx.def"
File: pgfsys-dvipdfmx.def 2014/07/09  (rcs-revision 1.14)

("C:\Users\sig35\AppData\Local\Programs\MiKTeX 2.9\tex\generic\pgf\systemlayer\
pgfsys-common-pdf.def"
File: pgfsys-common-pdf.def 2013/10/10  (rcs-revision 1.13)
)
\pgfsys@objnum=\count109
)))
("C:\Users\sig35\AppData\Local\Programs\MiKTeX 2.9\tex\generic\pgf\systemlayer\
pgfsyssoftpath.code.tex"
File: pgfsyssoftpath.code.tex 2013/09/09  (rcs-revision 1.9)
\pgfsyssoftpath@smallbuffer@items=\count110
\pgfsyssoftpath@bigbuffer@items=\count111
)
("C:\Users\sig35\AppData\Local\Programs\MiKTeX 2.9\tex\generic\pgf\systemlayer\
pgfsysprotocol.code.tex"
File: pgfsysprotocol.code.tex 2006/10/16  (rcs-revision 1.4)
))
("C:\Users\sig35\AppData\Local\Programs\MiKTeX 2.9\tex\latex\xcolor\xcolor.sty"
Package: xcolor 2016/05/11 v2.12 LaTeX color extensions (UK)

("C:\Users\sig35\AppData\Local\Programs\MiKTeX 2.9\tex\latex\graphics-cfg\color
.cfg"
File: color.cfg 2016/01/02 v1.6 sample color configuration
)
Package xcolor Info: Driver file: xetex.def on input line 225.
Package xcolor Info: Model `cmy' substituted by `cmy0' on input line 1348.
Package xcolor Info: Model `RGB' extended on input line 1364.
Package xcolor Info: Model `HTML' substituted by `rgb' on input line 1366.
Package xcolor Info: Model `Hsb' substituted by `hsb' on input line 1367.
Package xcolor Info: Model `tHsb' substituted by `hsb' on input line 1368.
Package xcolor Info: Model `HSB' substituted by `hsb' on input line 1369.
Package xcolor Info: Model `Gray' substituted by `gray' on input line 1370.
Package xcolor Info: Model `wave' substituted by `hsb' on input line 1371.
)
("C:\Users\sig35\AppData\Local\Programs\MiKTeX 2.9\tex\generic\pgf\basiclayer\p
gfcore.code.tex"
Package: pgfcore 2010/04/11 v3.0.1a (rcs-revision 1.7)

("C:\Users\sig35\AppData\Local\Programs\MiKTeX 2.9\tex\generic\pgf\math\pgfmath
.code.tex"
("C:\Users\sig35\AppData\Local\Programs\MiKTeX 2.9\tex\generic\pgf\math\pgfmath
calc.code.tex"
("C:\Users\sig35\AppData\Local\Programs\MiKTeX 2.9\tex\generic\pgf\math\pgfmath
util.code.tex")
("C:\Users\sig35\AppData\Local\Programs\MiKTeX 2.9\tex\generic\pgf\math\pgfmath
parser.code.tex"
\pgfmath@dimen=\dimen139
\pgfmath@count=\count112
\pgfmath@box=\box35
\pgfmath@toks=\toks23
\pgfmath@stack@operand=\toks24
\pgfmath@stack@operation=\toks25
)
("C:\Users\sig35\AppData\Local\Programs\MiKTeX 2.9\tex\generic\pgf\math\pgfmath
functions.code.tex"
("C:\Users\sig35\AppData\Local\Programs\MiKTeX 2.9\tex\generic\pgf\math\pgfmath
functions.basic.code.tex")
("C:\Users\sig35\AppData\Local\Programs\MiKTeX 2.9\tex\generic\pgf\math\pgfmath
functions.trigonometric.code.tex")
("C:\Users\sig35\AppData\Local\Programs\MiKTeX 2.9\tex\generic\pgf\math\pgfmath
functions.random.code.tex")
("C:\Users\sig35\AppData\Local\Programs\MiKTeX 2.9\tex\generic\pgf\math\pgfmath
functions.comparison.code.tex")
("C:\Users\sig35\AppData\Local\Programs\MiKTeX 2.9\tex\generic\pgf\math\pgfmath
functions.base.code.tex")
("C:\Users\sig35\AppData\Local\Programs\MiKTeX 2.9\tex\generic\pgf\math\pgfmath
functions.round.code.tex")
("C:\Users\sig35\AppData\Local\Programs\MiKTeX 2.9\tex\generic\pgf\math\pgfmath
functions.misc.code.tex")
("C:\Users\sig35\AppData\Local\Programs\MiKTeX 2.9\tex\generic\pgf\math\pgfmath
functions.integerarithmetics.code.tex")))
("C:\Users\sig35\AppData\Local\Programs\MiKTeX 2.9\tex\generic\pgf\math\pgfmath
float.code.tex"
\c@pgfmathroundto@lastzeros=\count113
))
("C:\Users\sig35\AppData\Local\Programs\MiKTeX 2.9\tex\generic\pgf\basiclayer\p
gfcorepoints.code.tex"
File: pgfcorepoints.code.tex 2013/10/07  (rcs-revision 1.27)
\pgf@picminx=\dimen140
\pgf@picmaxx=\dimen141
\pgf@picminy=\dimen142
\pgf@picmaxy=\dimen143
\pgf@pathminx=\dimen144
\pgf@pathmaxx=\dimen145
\pgf@pathminy=\dimen146
\pgf@pathmaxy=\dimen147
\pgf@xx=\dimen148
\pgf@xy=\dimen149
\pgf@yx=\dimen150
\pgf@yy=\dimen151
\pgf@zx=\dimen152
\pgf@zy=\dimen153
)
("C:\Users\sig35\AppData\Local\Programs\MiKTeX 2.9\tex\generic\pgf\basiclayer\p
gfcorepathconstruct.code.tex"
File: pgfcorepathconstruct.code.tex 2013/10/07  (rcs-revision 1.29)
\pgf@path@lastx=\dimen154
\pgf@path@lasty=\dimen155
)
("C:\Users\sig35\AppData\Local\Programs\MiKTeX 2.9\tex\generic\pgf\basiclayer\p
gfcorepathusage.code.tex"
File: pgfcorepathusage.code.tex 2014/11/02  (rcs-revision 1.24)
\pgf@shorten@end@additional=\dimen156
\pgf@shorten@start@additional=\dimen157
)
("C:\Users\sig35\AppData\Local\Programs\MiKTeX 2.9\tex\generic\pgf\basiclayer\p
gfcorescopes.code.tex"
File: pgfcorescopes.code.tex 2015/05/08  (rcs-revision 1.46)
\pgfpic=\box36
\pgf@hbox=\box37
\pgf@layerbox@main=\box38
\pgf@picture@serial@count=\count114
)
("C:\Users\sig35\AppData\Local\Programs\MiKTeX 2.9\tex\generic\pgf\basiclayer\p
gfcoregraphicstate.code.tex"
File: pgfcoregraphicstate.code.tex 2014/11/02  (rcs-revision 1.12)
\pgflinewidth=\dimen158
)
("C:\Users\sig35\AppData\Local\Programs\MiKTeX 2.9\tex\generic\pgf\basiclayer\p
gfcoretransformations.code.tex"
File: pgfcoretransformations.code.tex 2015/08/07  (rcs-revision 1.20)
\pgf@pt@x=\dimen159
\pgf@pt@y=\dimen160
\pgf@pt@temp=\dimen161
)
("C:\Users\sig35\AppData\Local\Programs\MiKTeX 2.9\tex\generic\pgf\basiclayer\p
gfcorequick.code.tex"
File: pgfcorequick.code.tex 2008/10/09  (rcs-revision 1.3)
)
("C:\Users\sig35\AppData\Local\Programs\MiKTeX 2.9\tex\generic\pgf\basiclayer\p
gfcoreobjects.code.tex"
File: pgfcoreobjects.code.tex 2006/10/11  (rcs-revision 1.2)
)
("C:\Users\sig35\AppData\Local\Programs\MiKTeX 2.9\tex\generic\pgf\basiclayer\p
gfcorepathprocessing.code.tex"
File: pgfcorepathprocessing.code.tex 2013/09/09  (rcs-revision 1.9)
)
("C:\Users\sig35\AppData\Local\Programs\MiKTeX 2.9\tex\generic\pgf\basiclayer\p
gfcorearrows.code.tex"
File: pgfcorearrows.code.tex 2015/05/14  (rcs-revision 1.43)
\pgfarrowsep=\dimen162
)
("C:\Users\sig35\AppData\Local\Programs\MiKTeX 2.9\tex\generic\pgf\basiclayer\p
gfcoreshade.code.tex"
File: pgfcoreshade.code.tex 2013/07/15  (rcs-revision 1.15)
\pgf@max=\dimen163
\pgf@sys@shading@range@num=\count115
)
("C:\Users\sig35\AppData\Local\Programs\MiKTeX 2.9\tex\generic\pgf\basiclayer\p
gfcoreimage.code.tex"
File: pgfcoreimage.code.tex 2013/07/15  (rcs-revision 1.18)

("C:\Users\sig35\AppData\Local\Programs\MiKTeX 2.9\tex\generic\pgf\basiclayer\p
gfcoreexternal.code.tex"
File: pgfcoreexternal.code.tex 2014/07/09  (rcs-revision 1.21)
\pgfexternal@startupbox=\box39
))
("C:\Users\sig35\AppData\Local\Programs\MiKTeX 2.9\tex\generic\pgf\basiclayer\p
gfcorelayers.code.tex"
File: pgfcorelayers.code.tex 2013/07/18  (rcs-revision 1.7)
)
("C:\Users\sig35\AppData\Local\Programs\MiKTeX 2.9\tex\generic\pgf\basiclayer\p
gfcoretransparency.code.tex"
File: pgfcoretransparency.code.tex 2013/09/30  (rcs-revision 1.5)
)
("C:\Users\sig35\AppData\Local\Programs\MiKTeX 2.9\tex\generic\pgf\basiclayer\p
gfcorepatterns.code.tex"
File: pgfcorepatterns.code.tex 2013/11/07  (rcs-revision 1.5)
)))
("C:\Users\sig35\AppData\Local\Programs\MiKTeX 2.9\tex\latex\pgf\utilities\xxco
lor.sty"
Package: xxcolor 2003/10/24 ver 0.1
\XC@nummixins=\count116
\XC@countmixins=\count117
)
("C:\Users\sig35\AppData\Local\Programs\MiKTeX 2.9\tex\generic\oberdiek\atbegsh
i.sty"
Package: atbegshi 2016/06/09 v1.18 At begin shipout hook (HO)

("C:\Users\sig35\AppData\Local\Programs\MiKTeX 2.9\tex\generic\oberdiek\infware
rr.sty"
Package: infwarerr 2016/05/16 v1.4 Providing info/warning/error messages (HO)
)
("C:\Users\sig35\AppData\Local\Programs\MiKTeX 2.9\tex\generic\oberdiek\ltxcmds
.sty"
Package: ltxcmds 2016/05/16 v1.23 LaTeX kernel commands for general use (HO)
))
("C:\Users\sig35\AppData\Local\Programs\MiKTeX 2.9\tex\latex\hyperref\hyperref.
sty"
Package: hyperref 2016/06/24 v6.83q Hypertext links for LaTeX

("C:\Users\sig35\AppData\Local\Programs\MiKTeX 2.9\tex\generic\oberdiek\hobsub-
hyperref.sty"
Package: hobsub-hyperref 2016/05/16 v1.14 Bundle oberdiek, subset hyperref (HO)


("C:\Users\sig35\AppData\Local\Programs\MiKTeX 2.9\tex\generic\oberdiek\hobsub-
generic.sty"
Package: hobsub-generic 2016/05/16 v1.14 Bundle oberdiek, subset generic (HO)
Package: hobsub 2016/05/16 v1.14 Construct package bundles (HO)
Package hobsub Info: Skipping package `infwarerr' (already loaded).
Package hobsub Info: Skipping package `ltxcmds' (already loaded).
Package: ifluatex 2016/05/16 v1.4 Provides the ifluatex switch (HO)
Package ifluatex Info: LuaTeX not detected.
Package hobsub Info: Skipping package `ifvtex' (already loaded).
Package: intcalc 2016/05/16 v1.2 Expandable calculations with integers (HO)
Package hobsub Info: Skipping package `ifpdf' (already loaded).
Package: etexcmds 2016/05/16 v1.6 Avoid name clashes with e-TeX commands (HO)
Package etexcmds Info: Could not find \expanded.
(etexcmds)             That can mean that you are not using pdfTeX 1.50 or
(etexcmds)             that some package has redefined \expanded.
(etexcmds)             In the latter case, load this package earlier.
Package: kvsetkeys 2016/05/16 v1.17 Key value parser (HO)
Package: kvdefinekeys 2016/05/16 v1.4 Define keys (HO)
Package: pdftexcmds 2016/05/21 v0.22 Utility functions of pdfTeX for LuaTeX (HO
)
Package pdftexcmds Info: LuaTeX not detected.
Package pdftexcmds Info: pdfTeX >= 1.30 not detected.
Package pdftexcmds Info: \pdf@primitive is available.
Package pdftexcmds Info: \pdf@ifprimitive is available.
Package pdftexcmds Info: \pdfdraftmode not found.
Package: pdfescape 2016/05/16 v1.14 Implements pdfTeX's escape features (HO)
Package: bigintcalc 2016/05/16 v1.4 Expandable calculations on big integers (HO
)
Package: bitset 2016/05/16 v1.2 Handle bit-vector datatype (HO)
Package: uniquecounter 2016/05/16 v1.3 Provide unlimited unique counter (HO)
)
Package hobsub Info: Skipping package `hobsub' (already loaded).
Package: letltxmacro 2016/05/16 v1.5 Let assignment for LaTeX macros (HO)
Package: hopatch 2016/05/16 v1.3 Wrapper for package hooks (HO)
Package: xcolor-patch 2016/05/16 xcolor patch
Package: atveryend 2016/05/16 v1.9 Hooks at the very end of document (HO)
Package atveryend Info: \enddocument detected (standard20110627).
Package hobsub Info: Skipping package `atbegshi' (already loaded).
Package: refcount 2016/05/16 v3.5 Data extraction from label references (HO)
Package: hycolor 2016/05/16 v1.8 Color options for hyperref/bookmark (HO)
)
("C:\Users\sig35\AppData\Local\Programs\MiKTeX 2.9\tex\latex\oberdiek\auxhook.s
ty"
Package: auxhook 2016/05/16 v1.4 Hooks for auxiliary files (HO)
)
("C:\Users\sig35\AppData\Local\Programs\MiKTeX 2.9\tex\latex\oberdiek\kvoptions
.sty"
Package: kvoptions 2016/05/16 v3.12 Key value format for package options (HO)
)
\@linkdim=\dimen164
\Hy@linkcounter=\count118
\Hy@pagecounter=\count119

("C:\Users\sig35\AppData\Local\Programs\MiKTeX 2.9\tex\latex\hyperref\pd1enc.de
f"
File: pd1enc.def 2016/06/24 v6.83q Hyperref: PDFDocEncoding definition (HO)
)
\Hy@SavedSpaceFactor=\count120

("C:\Users\sig35\AppData\Local\Programs\MiKTeX 2.9\tex\latex\00miktex\hyperref.
cfg"
File: hyperref.cfg 2002/06/06 v1.2 hyperref configuration of TeXLive
)
Package hyperref Info: Option `bookmarks' set `true' on input line 4362.
Package hyperref Info: Option `bookmarksopen' set `true' on input line 4362.
Package hyperref Info: Option `implicit' set `false' on input line 4362.
Package hyperref Info: Hyper figures OFF on input line 4486.
Package hyperref Info: Link nesting OFF on input line 4491.
Package hyperref Info: Hyper index ON on input line 4494.
Package hyperref Info: Plain pages OFF on input line 4501.
Package hyperref Info: Backreferencing OFF on input line 4506.
Package hyperref Info: Implicit mode OFF; no redefinition of LaTeX internals.
Package hyperref Info: Bookmarks ON on input line 4735.
\c@Hy@tempcnt=\count121
 ("C:\Users\sig35\AppData\Local\Programs\MiKTeX 2.9\tex\latex\url\url.sty"
\Urlmuskip=\muskip10
Package: url 2013/09/16  ver 3.4  Verb mode for urls, etc.
)
LaTeX Info: Redefining \url on input line 5088.
\XeTeXLinkMargin=\dimen165
\Fld@menulength=\count122
\Field@Width=\dimen166
\Fld@charsize=\dimen167
Package hyperref Info: Hyper figures OFF on input line 6342.
Package hyperref Info: Link nesting OFF on input line 6347.
Package hyperref Info: Hyper index ON on input line 6350.
Package hyperref Info: backreferencing OFF on input line 6357.
Package hyperref Info: Link coloring OFF on input line 6362.
Package hyperref Info: Link coloring with OCG OFF on input line 6367.
Package hyperref Info: PDF/A mode OFF on input line 6372.
LaTeX Info: Redefining \ref on input line 6412.
LaTeX Info: Redefining \pageref on input line 6416.
\Hy@abspage=\count123


Package hyperref Message: Stopped early.

)

Package hyperref Message: Driver (autodetected): hxetex.


("C:\Users\sig35\AppData\Local\Programs\MiKTeX 2.9\tex\latex\hyperref\hxetex.de
f"
File: hxetex.def 2016/06/24 v6.83q Hyperref driver for XeTeX

("C:\Users\sig35\AppData\Local\Programs\MiKTeX 2.9\tex\latex\hyperref\puenc.def
"
File: puenc.def 2016/06/24 v6.83q Hyperref: PDF Unicode definition (HO)
)
("C:\Users\sig35\AppData\Local\Programs\MiKTeX 2.9\tex\generic\oberdiek\stringe
nc.sty"
Package: stringenc 2016/05/16 v1.11 Convert strings between diff. encodings (HO
)
)
\pdfm@box=\box40
\c@Hy@AnnotLevel=\count124
\HyField@AnnotCount=\count125
\Fld@listcount=\count126
\c@bookmark@seq@number=\count127

("C:\Users\sig35\AppData\Local\Programs\MiKTeX 2.9\tex\latex\oberdiek\rerunfile
check.sty"
Package: rerunfilecheck 2016/05/16 v1.8 Rerun checks for auxiliary files (HO)
Package rerunfilecheck Info: Feature \pdfmdfivesum is not available
(rerunfilecheck)             (e.g. pdfTeX or LuaTeX with package `pdftexcmds').

(rerunfilecheck)             Therefore file contents cannot be checked efficien
tly
(rerunfilecheck)             and the loading of the package is aborted.
))
("C:\Users\sig35\AppData\Local\Programs\MiKTeX 2.9\tex\generic\oberdiek\se-asci
i-print.def"
File: se-ascii-print.def 2016/05/16 v1.11 stringenc: Printable ASCII characters

)
("C:\Users\sig35\AppData\Local\Programs\MiKTeX 2.9\tex\latex\beamer\base\beamer
baserequires.sty"
Package: beamerbaserequires 2010/05/01  (rcs-revision efa082c6111d)

("C:\Users\sig35\AppData\Local\Programs\MiKTeX 2.9\tex\latex\beamer\base\beamer
basecompatibility.sty"
Package: beamerbasecompatibility 2012/05/01  (rcs-revision 67c48b3b652d)
)
("C:\Users\sig35\AppData\Local\Programs\MiKTeX 2.9\tex\latex\beamer\base\beamer
basefont.sty"
Package: beamerbasefont 2015/01/05  (rcs-revision b4b4bee242e2)

("C:\Users\sig35\AppData\Local\Programs\MiKTeX 2.9\tex\latex\amsfonts\amssymb.s
ty"
Package: amssymb 2013/01/14 v3.01 AMS font symbols

("C:\Users\sig35\AppData\Local\Programs\MiKTeX 2.9\tex\latex\amsfonts\amsfonts.
sty"
Package: amsfonts 2013/01/14 v3.01 Basic AMSFonts support
\@emptytoks=\toks26
\symAMSa=\mathgroup4
\symAMSb=\mathgroup5
LaTeX Font Info:    Overwriting math alphabet `\mathfrak' in version `bold'
(Font)                  U/euf/m/n --> U/euf/b/n on input line 106.
))
("C:\Users\sig35\AppData\Local\Programs\MiKTeX 2.9\tex\latex\sansmathaccent\san
smathaccent.sty"
Package: sansmathaccent 2013/03/28

("C:\Users\sig35\AppData\Local\Programs\MiKTeX 2.9\tex\latex\filehook\filehook.
sty"
Package: filehook 2011/10/12 v0.5d Hooks for input files
)))
("C:\Users\sig35\AppData\Local\Programs\MiKTeX 2.9\tex\latex\beamer\base\beamer
basetranslator.sty"
Package: beamerbasetranslator 2010/06/11  (rcs-revision 85fd1cc7fc42)

("C:\Users\sig35\AppData\Local\Programs\MiKTeX 2.9\tex\latex\beamer\base\transl
ator\translator.sty"
Package: translator 2010/06/12 ver 1.10

("C:\Users\sig35\AppData\Local\Programs\MiKTeX 2.9\tex\latex\beamer\base\transl
ator\translator-language-mappings.tex")))
("C:\Users\sig35\AppData\Local\Programs\MiKTeX 2.9\tex\latex\beamer\base\beamer
basemisc.sty"
Package: beamerbasemisc 2013/09/03  (rcs-revision a55719c41d85)
)
("C:\Users\sig35\AppData\Local\Programs\MiKTeX 2.9\tex\latex\beamer\base\beamer
basetwoscreens.sty"
Package: beamerbasetwoscreens 2010/05/01  (rcs-revision efa082c6111d)
)
("C:\Users\sig35\AppData\Local\Programs\MiKTeX 2.9\tex\latex\beamer\base\beamer
baseoverlay.sty"
Package: beamerbaseoverlay 2013/12/25  (rcs-revision f6bd5e3805da)
\beamer@argscount=\count128
\beamer@lastskipcover=\skip44
\beamer@trivlistdepth=\count129
)
("C:\Users\sig35\AppData\Local\Programs\MiKTeX 2.9\tex\latex\beamer\base\beamer
basetitle.sty"
Package: beamerbasetitle 2010/09/21  (rcs-revision f0446ed0b6ae)
)
("C:\Users\sig35\AppData\Local\Programs\MiKTeX 2.9\tex\latex\beamer\base\beamer
basesection.sty"
Package: beamerbasesection 2013/06/07  (rcs-revision 60b9fe0f342f)
\c@lecture=\count130
\c@part=\count131
\c@section=\count132
\c@subsection=\count133
\c@subsubsection=\count134
)
("C:\Users\sig35\AppData\Local\Programs\MiKTeX 2.9\tex\latex\beamer\base\beamer
baseframe.sty"
Package: beamerbaseframe 2014/02/20  (rcs-revision 4b8ceeeff434)
\beamer@framebox=\box41
\beamer@frametitlebox=\box42
\beamer@zoombox=\box43
\beamer@zoomcount=\count135
\beamer@zoomframecount=\count136
\beamer@frametextheight=\dimen168
\c@subsectionslide=\count137
\beamer@frametopskip=\skip45
\beamer@framebottomskip=\skip46
\beamer@frametopskipautobreak=\skip47
\beamer@framebottomskipautobreak=\skip48
\beamer@envbody=\toks27
\framewidth=\dimen169
\c@framenumber=\count138
)
("C:\Users\sig35\AppData\Local\Programs\MiKTeX 2.9\tex\latex\beamer\base\beamer
baseverbatim.sty"
Package: beamerbaseverbatim 2015/01/05  (rcs-revision 431510bb5890)
\beamer@verbatimfileout=\write4
)
("C:\Users\sig35\AppData\Local\Programs\MiKTeX 2.9\tex\latex\beamer\base\beamer
baseframesize.sty"
Package: beamerbaseframesize 2011/09/12  (rcs-revision 70f9d8411e54)
\beamer@splitbox=\box44
\beamer@autobreakcount=\count139
\beamer@autobreaklastheight=\dimen170
\beamer@frametitletoks=\toks28
\beamer@framesubtitletoks=\toks29
)
("C:\Users\sig35\AppData\Local\Programs\MiKTeX 2.9\tex\latex\beamer\base\beamer
baseframecomponents.sty"
Package: beamerbaseframecomponents 2013/10/18  (rcs-revision 5cf6c5555a45)
\beamer@footins=\box45
)
("C:\Users\sig35\AppData\Local\Programs\MiKTeX 2.9\tex\latex\beamer\base\beamer
basecolor.sty"
Package: beamerbasecolor 2015/02/21  (rcs-revision d944b04ee2d5)
)
("C:\Users\sig35\AppData\Local\Programs\MiKTeX 2.9\tex\latex\beamer\base\beamer
basenotes.sty"
Package: beamerbasenotes 2012/12/19  (rcs-revision 1686da3db3c9)
\beamer@frameboxcopy=\box46
)
("C:\Users\sig35\AppData\Local\Programs\MiKTeX 2.9\tex\latex\beamer\base\beamer
basetoc.sty"
Package: beamerbasetoc 2015/03/08  (rcs-revision 7270298bbaae)
)
("C:\Users\sig35\AppData\Local\Programs\MiKTeX 2.9\tex\latex\beamer\base\beamer
basetemplates.sty"
Package: beamerbasetemplates 2010/05/01  (rcs-revision efa082c6111d)
\beamer@sbttoks=\toks30

("C:\Users\sig35\AppData\Local\Programs\MiKTeX 2.9\tex\latex\beamer\base\beamer
baseauxtemplates.sty"
Package: beamerbaseauxtemplates 2014/06/30  (rcs-revision 580088513a67)

("C:\Users\sig35\AppData\Local\Programs\MiKTeX 2.9\tex\latex\beamer\base\beamer
baseboxes.sty"
Package: beamerbaseboxes 2012/05/13  (rcs-revision 56972908a390)
\bmb@box=\box47
\bmb@colorbox=\box48
\bmb@boxshadow=\box49
\bmb@boxshadowball=\box50
\bmb@boxshadowballlarge=\box51
\bmb@temp=\dimen171
\bmb@dima=\dimen172
\bmb@dimb=\dimen173
\bmb@prevheight=\dimen174
)
\beamer@blockheadheight=\dimen175
))
("C:\Users\sig35\AppData\Local\Programs\MiKTeX 2.9\tex\latex\beamer\base\beamer
baselocalstructure.sty"
Package: beamerbaselocalstructure 2014/09/10  (rcs-revision 393f6dcff371)

("C:\Users\sig35\AppData\Local\Programs\MiKTeX 2.9\tex\latex\tools\enumerate.st
y"
Package: enumerate 2015/07/23 v3.00 enumerate extensions (DPC)
\@enLab=\toks31
)
\c@figure=\count140
\c@table=\count141
\abovecaptionskip=\skip49
\belowcaptionskip=\skip50
)
("C:\Users\sig35\AppData\Local\Programs\MiKTeX 2.9\tex\latex\beamer\base\beamer
basenavigation.sty"
Package: beamerbasenavigation 2015/02/27  (rcs-revision 923f4bf87efa)
\beamer@section@min@dim=\dimen176
)
("C:\Users\sig35\AppData\Local\Programs\MiKTeX 2.9\tex\latex\beamer\base\beamer
basetheorems.sty"
Package: beamerbasetheorems 2010/06/06  (rcs-revision 7e7cc5e53e9d)

("C:\Users\sig35\AppData\Local\Programs\MiKTeX 2.9\tex\latex\amsmath\amsmath.st
y"
Package: amsmath 2016/06/28 v2.15d AMS math features
\@mathmargin=\skip51

For additional information on amsmath, use the `?' option.

("C:\Users\sig35\AppData\Local\Programs\MiKTeX 2.9\tex\latex\amsmath\amstext.st
y"
Package: amstext 2000/06/29 v2.01 AMS text

("C:\Users\sig35\AppData\Local\Programs\MiKTeX 2.9\tex\latex\amsmath\amsgen.sty
"
File: amsgen.sty 1999/11/30 v2.0 generic functions
\@emptytoks=\toks32
\ex@=\dimen177
))
("C:\Users\sig35\AppData\Local\Programs\MiKTeX 2.9\tex\latex\amsmath\amsbsy.sty
"
Package: amsbsy 1999/11/29 v1.2d Bold Symbols
\pmbraise@=\dimen178
)
("C:\Users\sig35\AppData\Local\Programs\MiKTeX 2.9\tex\latex\amsmath\amsopn.sty
"
Package: amsopn 2016/03/08 v2.02 operator names
)
\inf@bad=\count142
LaTeX Info: Redefining \frac on input line 199.
\uproot@=\count143
\leftroot@=\count144
LaTeX Info: Redefining \overline on input line 297.
\classnum@=\count145
\DOTSCASE@=\count146
LaTeX Info: Redefining \ldots on input line 394.
LaTeX Info: Redefining \dots on input line 397.
LaTeX Info: Redefining \cdots on input line 518.
\Mathstrutbox@=\box52
\strutbox@=\box53
\big@size=\dimen179
LaTeX Font Info:    Redeclaring font encoding OML on input line 634.
LaTeX Font Info:    Redeclaring font encoding OMS on input line 635.
\macc@depth=\count147
\c@MaxMatrixCols=\count148
\dotsspace@=\muskip11
\c@parentequation=\count149
\dspbrk@lvl=\count150
\tag@help=\toks33
\row@=\count151
\column@=\count152
\maxfields@=\count153
\andhelp@=\toks34
\eqnshift@=\dimen180
\alignsep@=\dimen181
\tagshift@=\dimen182
\tagwidth@=\dimen183
\totwidth@=\dimen184
\lineht@=\dimen185
\@envbody=\toks35
\multlinegap=\skip52
\multlinetaggap=\skip53
\mathdisplay@stack=\toks36
LaTeX Info: Redefining \[ on input line 2739.
LaTeX Info: Redefining \] on input line 2740.
)
("C:\Users\sig35\AppData\Local\Programs\MiKTeX 2.9\tex\latex\amscls\amsthm.sty"
Package: amsthm 2015/03/04 v2.20.2
\thm@style=\toks37
\thm@bodyfont=\toks38
\thm@headfont=\toks39
\thm@notefont=\toks40
\thm@headpunct=\toks41
\thm@preskip=\skip54
\thm@postskip=\skip55
\thm@headsep=\skip56
\dth@everypar=\toks42
)
\c@theorem=\count154
)
("C:\Users\sig35\AppData\Local\Programs\MiKTeX 2.9\tex\latex\beamer\base\beamer
basethemes.sty"
Package: beamerbasethemes 2010/05/01  (rcs-revision efa082c6111d)
))
("C:\Users\sig35\AppData\Local\Programs\MiKTeX 2.9\tex\latex\beamer\base\themes
\theme\beamerthemedefault.sty"
Package: beamerthemedefault 2010/06/17  (rcs-revision d02a7cf4d8ae)

("C:\Users\sig35\AppData\Local\Programs\MiKTeX 2.9\tex\latex\beamer\base\themes
\font\beamerfontthemedefault.sty"
Package: beamerfontthemedefault 2012/12/19  (rcs-revision 1686da3db3c9)
)
("C:\Users\sig35\AppData\Local\Programs\MiKTeX 2.9\tex\latex\beamer\base\themes
\color\beamercolorthemedefault.sty"
Package: beamercolorthemedefault 2012/12/19  (rcs-revision 1686da3db3c9)
)
("C:\Users\sig35\AppData\Local\Programs\MiKTeX 2.9\tex\latex\beamer\base\themes
\inner\beamerinnerthemedefault.sty"
Package: beamerinnerthemedefault 2014/06/30  (rcs-revision 580088513a67)
\beamer@dima=\dimen186
\beamer@dimb=\dimen187
)
("C:\Users\sig35\AppData\Local\Programs\MiKTeX 2.9\tex\latex\beamer\base\themes
\outer\beamerouterthemedefault.sty"
Package: beamerouterthemedefault 2012/12/19  (rcs-revision 1686da3db3c9)
)))
("C:\Users\sig35\AppData\Local\Programs\MiKTeX 2.9\tex\latex\booktabs\booktabs.
sty"
Package: booktabs 2005/04/14 v1.61803 publication quality tables
\heavyrulewidth=\dimen188
\lightrulewidth=\dimen189
\cmidrulewidth=\dimen190
\belowrulesep=\dimen191
\belowbottomsep=\dimen192
\aboverulesep=\dimen193
\abovetopsep=\dimen194
\cmidrulesep=\dimen195
\cmidrulekern=\dimen196
\defaultaddspace=\dimen197
\@cmidla=\count155
\@cmidlb=\count156
\@aboverulesep=\dimen198
\@belowrulesep=\dimen199
\@thisruleclass=\count157
\@lastruleclass=\count158
\@thisrulewidth=\dimen256
)
("C:\Users\sig35\AppData\Local\Programs\MiKTeX 2.9\tex\latex\multirow\multirow.
sty"
Package: multirow 2016/10/11 v2.1 Span multiple rows of a table
\multirow@colwidth=\skip57
\multirow@cnta=\count159
\multirow@cntb=\count160
\multirow@dima=\skip58
\bigstrutjot=\dimen257
)
("C:\Users\sig35\AppData\Local\Programs\MiKTeX 2.9\tex\latex\tools\multicol.sty
"
Package: multicol 2016/04/07 v1.8p multicolumn formatting (FMi)
\c@tracingmulticols=\count161
\mult@box=\box54
\multicol@leftmargin=\dimen258
\c@unbalance=\count162
\c@collectmore=\count163
\doublecol@number=\count164
\multicoltolerance=\count165
\multicolpretolerance=\count166
\full@width=\dimen259
\page@free=\dimen260
\premulticols=\dimen261
\postmulticols=\dimen262
\multicolsep=\skip59
\multicolbaselineskip=\skip60
\partial@page=\box55
\last@line=\box56
\maxbalancingoverflow=\dimen263
\mult@rightbox=\box57
\mult@grightbox=\box58
\mult@gfirstbox=\box59
\mult@firstbox=\box60
\@tempa=\box61
\@tempa=\box62
\@tempa=\box63
\@tempa=\box64
\@tempa=\box65
\@tempa=\box66
\@tempa=\box67
\@tempa=\box68
\@tempa=\box69
\@tempa=\box70
\@tempa=\box71
\@tempa=\box72
\@tempa=\box73
\@tempa=\box74
\@tempa=\box75
\@tempa=\box76
\@tempa=\box77
\c@columnbadness=\count167
\c@finalcolumnbadness=\count168
\last@try=\dimen264
\multicolovershoot=\dimen265
\multicolundershoot=\dimen266
\mult@nat@firstbox=\box78
\colbreak@box=\box79
\mc@col@check@num=\count169
)
("C:\Users\sig35\AppData\Local\Programs\MiKTeX 2.9\tex\latex\beamertheme-metrop
olis\beamerthememetropolis.sty"
Package: beamerthememetropolis 2016/03/14 v1.1 Metropolis Beamer theme

("C:\Users\sig35\AppData\Local\Programs\MiKTeX 2.9\tex\latex\etoolbox\etoolbox.
sty"
Package: etoolbox 2015/08/02 v2.2a e-TeX tools for LaTeX (JAW)
\etb@tempcnta=\count170
)
("C:\Users\sig35\AppData\Local\Programs\MiKTeX 2.9\tex\latex\pgfopts\pgfopts.st
y"
Package: pgfopts 2014/07/10 v2.1a LaTeX package options with pgfkeys

("C:\Users\sig35\AppData\Local\Programs\MiKTeX 2.9\tex\latex\pgf\utilities\pgfk
eys.sty"
("C:\Users\sig35\AppData\Local\Programs\MiKTeX 2.9\tex\generic\pgf\utilities\pg
fkeys.code.tex"))
\pgfopts@list@add@a@toks=\toks43
\pgfopts@list@add@b@toks=\toks44
)
("C:\Users\sig35\AppData\Local\Programs\MiKTeX 2.9\tex\latex\beamertheme-metrop
olis\beamerinnerthememetropolis.sty"
Package: beamerinnerthememetropolis 2016/03/14 Metropolis inner theme

("C:\Users\sig35\AppData\Local\Programs\MiKTeX 2.9\tex\latex\tools\calc.sty"
Package: calc 2014/10/28 v4.3 Infix arithmetic (KKT,FJ)
\calc@Acount=\count171
\calc@Bcount=\count172
\calc@Adimen=\dimen267
\calc@Bdimen=\dimen268
\calc@Askip=\skip61
\calc@Bskip=\skip62
LaTeX Info: Redefining \setlength on input line 80.
LaTeX Info: Redefining \addtolength on input line 81.
\calc@Ccount=\count173
\calc@Cskip=\skip63
)
("C:\Users\sig35\AppData\Local\Programs\MiKTeX 2.9\tex\latex\pgf\frontendlayer\
tikz.sty"
("C:\Users\sig35\AppData\Local\Programs\MiKTeX 2.9\tex\latex\pgf\basiclayer\pgf
.sty"
Package: pgf 2015/08/07 v3.0.1a (rcs-revision 1.15)

("C:\Users\sig35\AppData\Local\Programs\MiKTeX 2.9\tex\generic\pgf\modules\pgfm
oduleshapes.code.tex"
File: pgfmoduleshapes.code.tex 2014/03/21  (rcs-revision 1.35)
\pgfnodeparttextbox=\box80
)
("C:\Users\sig35\AppData\Local\Programs\MiKTeX 2.9\tex\generic\pgf\modules\pgfm
oduleplot.code.tex"
File: pgfmoduleplot.code.tex 2015/08/03  (rcs-revision 1.13)
)
("C:\Users\sig35\AppData\Local\Programs\MiKTeX 2.9\tex\latex\pgf\compatibility\
pgfcomp-version-0-65.sty"
Package: pgfcomp-version-0-65 2007/07/03 v3.0.1a (rcs-revision 1.7)
\pgf@nodesepstart=\dimen269
\pgf@nodesepend=\dimen270
)
("C:\Users\sig35\AppData\Local\Programs\MiKTeX 2.9\tex\latex\pgf\compatibility\
pgfcomp-version-1-18.sty"
Package: pgfcomp-version-1-18 2007/07/23 v3.0.1a (rcs-revision 1.1)
))
("C:\Users\sig35\AppData\Local\Programs\MiKTeX 2.9\tex\latex\pgf\utilities\pgff
or.sty"
("C:\Users\sig35\AppData\Local\Programs\MiKTeX 2.9\tex\latex\pgf\math\pgfmath.s
ty"
("C:\Users\sig35\AppData\Local\Programs\MiKTeX 2.9\tex\generic\pgf\math\pgfmath
.code.tex"))
("C:\Users\sig35\AppData\Local\Programs\MiKTeX 2.9\tex\generic\pgf\utilities\pg
ffor.code.tex"
Package: pgffor 2013/12/13 v3.0.1a (rcs-revision 1.25)

("C:\Users\sig35\AppData\Local\Programs\MiKTeX 2.9\tex\generic\pgf\math\pgfmath
.code.tex")
\pgffor@iter=\dimen271
\pgffor@skip=\dimen272
\pgffor@stack=\toks45
\pgffor@toks=\toks46
))
("C:\Users\sig35\AppData\Local\Programs\MiKTeX 2.9\tex\generic\pgf\frontendlaye
r\tikz\tikz.code.tex"
Package: tikz 2015/08/07 v3.0.1a (rcs-revision 1.151)

("C:\Users\sig35\AppData\Local\Programs\MiKTeX 2.9\tex\generic\pgf\libraries\pg
flibraryplothandlers.code.tex"
File: pgflibraryplothandlers.code.tex 2013/08/31 v3.0.1a (rcs-revision 1.20)
\pgf@plot@mark@count=\count174
\pgfplotmarksize=\dimen273
)
\tikz@lastx=\dimen274
\tikz@lasty=\dimen275
\tikz@lastxsaved=\dimen276
\tikz@lastysaved=\dimen277
\tikzleveldistance=\dimen278
\tikzsiblingdistance=\dimen279
\tikz@figbox=\box81
\tikz@figbox@bg=\box82
\tikz@tempbox=\box83
\tikz@tempbox@bg=\box84
\tikztreelevel=\count175
\tikznumberofchildren=\count176
\tikznumberofcurrentchild=\count177
\tikz@fig@count=\count178

("C:\Users\sig35\AppData\Local\Programs\MiKTeX 2.9\tex\generic\pgf\modules\pgfm
odulematrix.code.tex"
File: pgfmodulematrix.code.tex 2013/09/17  (rcs-revision 1.8)
\pgfmatrixcurrentrow=\count179
\pgfmatrixcurrentcolumn=\count180
\pgf@matrix@numberofcolumns=\count181
)
\tikz@expandcount=\count182

("C:\Users\sig35\AppData\Local\Programs\MiKTeX 2.9\tex\generic\pgf\frontendlaye
r\tikz\libraries\tikzlibrarytopaths.code.tex"
File: tikzlibrarytopaths.code.tex 2008/06/17 v3.0.1a (rcs-revision 1.2)
)))
\metropolis@progressonsectionpage=\skip64
\metropolis@blocksep=\skip65
\metropolis@blockadjust=\skip66
\metropolis@parskip=\skip67
)
("C:\Users\sig35\AppData\Local\Programs\MiKTeX 2.9\tex\latex\beamertheme-metrop
olis\beamerouterthememetropolis.sty"
Package: beamerouterthememetropolis 2016/03/14 Metropolis outer theme
\metropolis@frametitle@padding=\skip68
\metropolis@progressinheadfoot=\skip69
)
("C:\Users\sig35\AppData\Local\Programs\MiKTeX 2.9\tex\latex\beamertheme-metrop
olis\beamercolorthememetropolis.sty"
Package: beamercolorthememetropolis 2016/03/14 Metropolis color theme
)
("C:\Users\sig35\AppData\Local\Programs\MiKTeX 2.9\tex\latex\beamertheme-metrop
olis\beamerfontthememetropolis.sty"
Package: beamerfontthememetropolis 2016/03/14 Metropolis font theme

("C:\Users\sig35\AppData\Local\Programs\MiKTeX 2.9\tex\latex\fontspec\fontspec.
sty"
("C:\Users\sig35\AppData\Local\Programs\MiKTeX 2.9\tex\latex\l3kernel\expl3.sty
"
Package: expl3 2016/10/19 v6730 L3 programming layer (loader) 

("C:\Users\sig35\AppData\Local\Programs\MiKTeX 2.9\tex\latex\l3kernel\expl3-cod
e.tex"
Package: expl3 2016/10/19 v6730 L3 programming layer (code)
L3 Module: l3bootstrap 2016/06/13 v6596 L3 Bootstrap code
L3 Module: l3names 2016/10/13 v6722 L3 Namespace for primitives
L3 Module: l3basics 2016/09/01 v6696 L3 Basic definitions
L3 Module: l3expan 2016/08/19 v6684 L3 Argument expansion
L3 Module: l3tl 2016/08/19 v6692 L3 Token lists
L3 Module: l3str 2016/08/19 v6692 L3 Strings
L3 Module: l3seq 2016/08/19 v6685 L3 Sequences and stacks
L3 Module: l3int 2016/09/07 v6700 L3 Integers
\c_max_int=\count183
\l_tmpa_int=\count184
\l_tmpb_int=\count185
\g_tmpa_int=\count186
\g_tmpb_int=\count187
L3 Module: l3quark 2016/08/19 v6685 L3 Quarks
L3 Module: l3prg 2016/08/18 v6679 L3 Control structures
\g__prg_map_int=\count188
L3 Module: l3clist 2016/08/19 v6685 L3 Comma separated lists
L3 Module: l3token 2016/09/01 v6695 L3 Experimental token manipulation
L3 Module: l3prop 2016/08/19 v6685 L3 Property lists
L3 Module: l3msg 2016/08/19 v6691 L3 Messages
L3 Module: l3file 2016/08/19 v6685 L3 File and I/O operations
\l_iow_line_count_int=\count189
\l__iow_target_count_int=\count190
\l__iow_current_line_int=\count191
\l__iow_current_word_int=\count192
\l__iow_current_indentation_int=\count193
L3 Module: l3skip 2016/08/19 v6692 L3 Dimensions and skips
\c_zero_dim=\dimen280
\c_max_dim=\dimen281
\l_tmpa_dim=\dimen282
\l_tmpb_dim=\dimen283
\g_tmpa_dim=\dimen284
\g_tmpb_dim=\dimen285
\c_zero_skip=\skip70
\c_max_skip=\skip71
\l_tmpa_skip=\skip72
\l_tmpb_skip=\skip73
\g_tmpa_skip=\skip74
\g_tmpb_skip=\skip75
\c_zero_muskip=\muskip12
\c_max_muskip=\muskip13
\l_tmpa_muskip=\muskip14
\l_tmpb_muskip=\muskip15
\g_tmpa_muskip=\muskip16
\g_tmpb_muskip=\muskip17
L3 Module: l3keys 2016/09/21 v6711 L3 Key-value interfaces
\l_keys_choice_int=\count194
L3 Module: l3fp 2016/08/19 v6685 L3 Floating points
\c__fp_leading_shift_int=\count195
\c__fp_middle_shift_int=\count196
\c__fp_trailing_shift_int=\count197
\c__fp_big_leading_shift_int=\count198
\c__fp_big_middle_shift_int=\count199
\c__fp_big_trailing_shift_int=\count266
\c__fp_Bigg_leading_shift_int=\count267
\c__fp_Bigg_middle_shift_int=\count268
\c__fp_Bigg_trailing_shift_int=\count269
L3 Module: l3box 2016/08/19 v6685 L3 Experimental boxes
\c_empty_box=\box85
\l_tmpa_box=\box86
\l_tmpb_box=\box87
\g_tmpa_box=\box88
\g_tmpb_box=\box89
L3 Module: l3coffins 2016/08/19 v6685 L3 Coffin code layer
\l__coffin_internal_box=\box90
\l__coffin_internal_dim=\dimen286
\l__coffin_offset_x_dim=\dimen287
\l__coffin_offset_y_dim=\dimen288
\l__coffin_x_dim=\dimen289
\l__coffin_y_dim=\dimen290
\l__coffin_x_prime_dim=\dimen291
\l__coffin_y_prime_dim=\dimen292
\c_empty_coffin=\box91
\l__coffin_aligned_coffin=\box92
\l__coffin_aligned_internal_coffin=\box93
\l_tmpa_coffin=\box94
\l_tmpb_coffin=\box95
\l__coffin_display_coffin=\box96
\l__coffin_display_coord_coffin=\box97
\l__coffin_display_pole_coffin=\box98
\l__coffin_display_offset_dim=\dimen293
\l__coffin_display_x_dim=\dimen294
\l__coffin_display_y_dim=\dimen295
L3 Module: l3color 2016/06/13 v6596 L3 Experimental color support
L3 Module: l3sys 2015/09/25 v6087 L3 Experimental system/runtime functions
L3 Module: l3candidates 2016/08/19 v6688 L3 Experimental additions to l3kernel
\l__box_top_dim=\dimen296
\l__box_bottom_dim=\dimen297
\l__box_left_dim=\dimen298
\l__box_right_dim=\dimen299
\l__box_top_new_dim=\dimen300
\l__box_bottom_new_dim=\dimen301
\l__box_left_new_dim=\dimen302
\l__box_right_new_dim=\dimen303
\l__box_internal_box=\box99
\l__coffin_bounding_shift_dim=\dimen304
\l__coffin_left_corner_dim=\dimen305
\l__coffin_right_corner_dim=\dimen306
\l__coffin_bottom_corner_dim=\dimen307
\l__coffin_top_corner_dim=\dimen308
\l__coffin_scaled_total_height_dim=\dimen309
\l__coffin_scaled_width_dim=\dimen310
L3 Module: l3luatex 2016/08/18 v6679 L3 Experimental LuaTeX-specific functions
)
("C:\Users\sig35\AppData\Local\Programs\MiKTeX 2.9\tex\latex\l3kernel\l3xdvipdf
mx.def"
File: l3xdvidpfmx.def 2016/08/18 v6679 L3 Experimental driver: xdvipdfmx
\l__driver_tmp_box=\box100
))
("C:\Users\sig35\AppData\Local\Programs\MiKTeX 2.9\tex\latex\l3packages\xparse\
xparse.sty"
Package: xparse 2016/10/19 v6730 L3 Experimental document command parser
\l__xparse_current_arg_int=\count270
\l__xparse_m_args_int=\count271
\l__xparse_mandatory_args_int=\count272
\l__xparse_processor_int=\count273
\l__xparse_v_nesting_int=\count274
)
Package: fontspec 2016/02/01 v2.5a Font selection for XeLaTeX and LuaLaTeX

("C:\Users\sig35\AppData\Local\Programs\MiKTeX 2.9\tex\latex\fontspec\fontspec-
xetex.sty"
Package: fontspec-xetex 2016/02/01 v2.5a Font selection for XeLaTeX and LuaLaTe
X
\l_fontspec_script_int=\count275
\l_fontspec_language_int=\count276
\l_fontspec_strnum_int=\count277
\l__fontspec_tmpa_dim=\dimen311
\l__fontspec_tmpb_dim=\dimen312
\l__fontspec_tmpc_dim=\dimen313
\g__file_internal_ior=\read2

("C:\Users\sig35\AppData\Local\Programs\MiKTeX 2.9\tex\latex\base\fontenc.sty"
Package: fontenc 2016/06/19 v1.99m Standard LaTeX package

("C:\Users\sig35\AppData\Local\Programs\MiKTeX 2.9\tex\latex\euenc\eu1enc.def"
File: eu1enc.def 2010/05/27 v0.1h Experimental Unicode font encodings
)
LaTeX Font Info:    Try loading font information for EU1+lmr on input line 105.

("C:\Users\sig35\AppData\Local\Programs\MiKTeX 2.9\tex\latex\euenc\eu1lmr.fd"
File: eu1lmr.fd 2009/10/30 v1.6 Font defs for Latin Modern
))
("C:\Users\sig35\AppData\Local\Programs\MiKTeX 2.9\tex\xelatex\xunicode\xunicod
e.sty"
File: xunicode.sty 2011/09/09 v0.981 provides access to latin accents and many 
other characters in Unicode lower plane

("C:\Users\sig35\AppData\Local\Programs\MiKTeX 2.9\tex\latex\tipa\t3enc.def"
File: t3enc.def 2001/12/31 T3 encoding
LaTeX Font Info:    Try loading font information for EU1+lmss on input line 357
.

("C:\Users\sig35\AppData\Local\Programs\MiKTeX 2.9\tex\latex\euenc\eu1lmss.fd"
File: eu1lmss.fd 2009/10/30 v1.6 Font defs for Latin Modern
))
\tipaTiiicode=\count278
\tipasavetokens=\toks47
\tipachecktokens=\toks48
)
.................................................
. LaTeX info: "xparse/define-command"
. 
. Defining command \__fontspec_post_arg:w with sig. 'mmO{}' on line 353.
.................................................
.................................................
. LaTeX info: "xparse/define-command"
. 
. Defining command \fontspec with sig. 'om' on line 355.
.................................................
.................................................
. LaTeX info: "xparse/define-command"
. 
. Defining command \setmainfont with sig. 'om' on line 365.
.................................................
.................................................
. LaTeX info: "xparse/define-command"
. 
. Defining command \setsansfont with sig. 'om' on line 375.
.................................................
.................................................
. LaTeX info: "xparse/define-command"
. 
. Defining command \setmonofont with sig. 'om' on line 385.
.................................................
.................................................
. LaTeX info: "xparse/define-command"
. 
. Defining command \setmathrm with sig. 'om' on line 399.
.................................................
.................................................
. LaTeX info: "xparse/define-command"
. 
. Defining command \setboldmathrm with sig. 'om' on line 407.
.................................................
.................................................
. LaTeX info: "xparse/define-command"
. 
. Defining command \setmathsf with sig. 'om' on line 415.
.................................................
.................................................
. LaTeX info: "xparse/define-command"
. 
. Defining command \setmathtt with sig. 'om' on line 423.
.................................................
.................................................
. LaTeX info: "xparse/define-command"
. 
. Defining command \newfontfamily with sig. 'mom' on line 437.
.................................................
.................................................
. LaTeX info: "xparse/define-command"
. 
. Defining command \newfontface with sig. 'mom' on line 453.
.................................................
.................................................
. LaTeX info: "xparse/define-command"
. 
. Defining command \defaultfontfeatures with sig. 't+om' on line 467.
.................................................
.................................................
. LaTeX info: "xparse/define-command"
. 
. Defining command \addfontfeatures with sig. 'm' on line 529.
.................................................
.................................................
. LaTeX info: "xparse/define-command"
. 
. Defining command \newfontfeature with sig. 'mm' on line 540.
.................................................
.................................................
. LaTeX info: "xparse/define-command"
. 
. Defining command \newAATfeature with sig. 'mmmm' on line 548.
.................................................
.................................................
. LaTeX info: "xparse/define-command"
. 
. Defining command \newopentypefeature with sig. 'mmm' on line 556.
.................................................
.................................................
. LaTeX info: "xparse/define-command"
. 
. Defining command \aliasfontfeature with sig. 'mm' on line 577.
.................................................
.................................................
. LaTeX info: "xparse/define-command"
. 
. Defining command \aliasfontfeatureoption with sig. 'mmm' on line 586.
.................................................
.................................................
. LaTeX info: "xparse/define-command"
. 
. Defining command \newfontscript with sig. 'mm' on line 590.
.................................................
.................................................
. LaTeX info: "xparse/define-command"
. 
. Defining command \newfontlanguage with sig. 'mm' on line 594.
.................................................
.................................................
. LaTeX info: "xparse/define-command"
. 
. Defining command \DeclareFontsExtensions with sig. 'm' on line 599.
.................................................
\l__fontspec_tmp_int=\count279

("C:\Users\sig35\AppData\Local\Programs\MiKTeX 2.9\tex\latex\fontspec\fontspec.
cfg")
LaTeX Info: Redefining \itshape on input line 2705.
LaTeX Info: Redefining \slshape on input line 2710.
LaTeX Info: Redefining \scshape on input line 2715.
LaTeX Info: Redefining \upshape on input line 2720.
\l__fontspec_em_int=\count280
\l__fontspec_emdef_int=\count281
LaTeX Info: Redefining \em on input line 2736.
LaTeX Info: Redefining \emph on input line 2742.
LaTeX Info: Redefining \- on input line 2746.
.................................................
. LaTeX info: "xparse/redefine-command"
. 
. Redefining command \oldstylenums with sig. 'm' on line 2841.
.................................................
.................................................
. LaTeX info: "xparse/define-command"
. 
. Defining command \liningnums with sig. 'm' on line 2845.
.................................................
))
\c@fontsnotfound=\count282
\g__fontspec_family_FiraSansLight_int=\count283
.................................................
. fontspec info: "defining-font"
. 
. Font family 'FiraSansLight(0)' created for font 'Fira Sans Light' with
. options [Ligatures=TeX,ItalicFont={Fira Sans Light Italic},BoldFont={Fira
. Sans},BoldItalicFont={Fira Sans Italic}].
. 
. This font family consists of the following NFSS series/shapes:
. - 'normal' (m/n) with NFSS spec.: <->"Fira Sans
. Light/OT:script=latn;language=DFLT;mapping=tex-text;"
. - 'small caps'  (m/sc) with NFSS spec.: <->"Fira Sans
. Light/OT:script=latn;language=DFLT;mapping=tex-text;+smcp;"- 'bold' (bx/n)
. with NFSS spec.: <->"Fira
. Sans/OT:script=latn;language=DFLT;mapping=tex-text;"
. - 'bold small caps'  (bx/sc) with NFSS spec.: <->"Fira
. Sans/OT:script=latn;language=DFLT;mapping=tex-text;+smcp;"- 'italic' (m/it)
. with NFSS spec.: <->"Fira Sans Light
. Italic/OT:script=latn;language=DFLT;mapping=tex-text;"
. - 'italic small caps'  (m/itsc) with NFSS spec.: <->"Fira Sans Light
. Italic/OT:script=latn;language=DFLT;mapping=tex-text;+smcp;"- 'bold italic'
. (bx/it) with NFSS spec.: <->"Fira Sans
. Italic/OT:script=latn;language=DFLT;mapping=tex-text;"
. - 'bold italic small caps'  (bx/itsc) with NFSS spec.: <->"Fira Sans
. Italic/OT:script=latn;language=DFLT;mapping=tex-text;+smcp;"
.................................................
\g__fontspec_family_FiraMono_int=\count284
.................................................
. fontspec info: "no-font-shape"
. 
. Could not resolve font Fira Mono Medium/I (it probably doesn't exist).
.................................................
.................................................
. fontspec info: "no-font-shape"
. 
. Could not resolve font Fira Mono/I (it probably doesn't exist).
.................................................
.................................................
. fontspec info: "defining-font"
. 
. Font family 'FiraMono(0)' created for font 'Fira Mono' with options
. [WordSpace={1,0,0},PunctuationSpace=WordSpace,BoldFont={Fira Mono Medium}].
. 
. This font family consists of the following NFSS series/shapes:
. - 'normal' (m/n) with NFSS spec.: <->"Fira
. Mono/OT:script=latn;language=DFLT;"
. - 'small caps'  (m/sc) with NFSS spec.: 
. and font adjustment code:
. \fontdimen 2\font =1\fontdimen 2\font \fontdimen 3\font =0\fontdimen 3\font
. \fontdimen 4\font =0\fontdimen 4\font \fontdimen 7\font =0\fontdimen 2\font
. - 'bold' (bx/n) with NFSS spec.: <->"Fira Mono
. Medium/OT:script=latn;language=DFLT;"
. - 'bold small caps'  (bx/sc) with NFSS spec.: 
. and font adjustment code:
. \fontdimen 2\font =1\fontdimen 2\font \fontdimen 3\font =0\fontdimen 3\font
. \fontdimen 4\font =0\fontdimen 4\font \fontdimen 7\font =0\fontdimen 2\font
. - 'bold italic' (bx/it) with NFSS spec.: <->"Fira
. Mono/BI/OT:script=latn;language=DFLT;"
. - 'bold italic small caps'  (bx/itsc) with NFSS spec.: 
. and font adjustment code:
. \fontdimen 2\font =1\fontdimen 2\font \fontdimen 3\font =0\fontdimen 3\font
. \fontdimen 4\font =0\fontdimen 4\font \fontdimen 7\font =0\fontdimen 2\font 
.................................................
)) (deck_u1_1B.aux)
\openout1 = `deck_u1_1B.aux'.

LaTeX Font Info:    Checking defaults for OML/cmm/m/it on input line 96.
LaTeX Font Info:    ... okay on input line 96.
LaTeX Font Info:    Checking defaults for T1/cmr/m/n on input line 96.
LaTeX Font Info:    ... okay on input line 96.
LaTeX Font Info:    Checking defaults for OT1/cmr/m/n on input line 96.
LaTeX Font Info:    ... okay on input line 96.
LaTeX Font Info:    Checking defaults for OMS/cmsy/m/n on input line 96.
LaTeX Font Info:    ... okay on input line 96.
LaTeX Font Info:    Checking defaults for OMX/cmex/m/n on input line 96.
LaTeX Font Info:    ... okay on input line 96.
LaTeX Font Info:    Checking defaults for U/cmr/m/n on input line 96.
LaTeX Font Info:    ... okay on input line 96.
LaTeX Font Info:    Checking defaults for PD1/pdf/m/n on input line 96.
LaTeX Font Info:    ... okay on input line 96.
LaTeX Font Info:    Checking defaults for PU/pdf/m/n on input line 96.
LaTeX Font Info:    ... okay on input line 96.
LaTeX Font Info:    Checking defaults for EU1/lmr/m/n on input line 96.
LaTeX Font Info:    ... okay on input line 96.
LaTeX Font Info:    Checking defaults for T3/cmr/m/n on input line 96.
LaTeX Font Info:    Try loading font information for T3+cmr on input line 96.

("C:\Users\sig35\AppData\Local\Programs\MiKTeX 2.9\tex\latex\tipa\t3cmr.fd"
File: t3cmr.fd 2001/12/31 TIPA font definitions
)
LaTeX Font Info:    ... okay on input line 96.

*geometry* detected driver: pdftex
*geometry* verbose mode - [ preamble ] result:
* driver: pdftex
* paper: custom
* layout: <same size as paper>
* layoutoffset:(h,v)=(0.0pt,0.0pt)
* modes: includehead includefoot 
* h-part:(L,W,R)=(28.45274pt, 307.28987pt, 28.45274pt)
* v-part:(T,H,B)=(0.0pt, 273.14662pt, 0.0pt)
* \paperwidth=364.19536pt
* \paperheight=273.14662pt
* \textwidth=307.28987pt
* \textheight=244.6939pt
* \oddsidemargin=-43.81725pt
* \evensidemargin=-43.81725pt
* \topmargin=-72.26999pt
* \headheight=14.22636pt
* \headsep=0.0pt
* \topskip=11.0pt
* \footskip=14.22636pt
* \marginparwidth=4.0pt
* \marginparsep=10.0pt
* \columnsep=10.0pt
* \skip\footins=10.0pt plus 4.0pt minus 2.0pt
* \hoffset=0.0pt
* \voffset=0.0pt
* \mag=1000
* \@twocolumnfalse
* \@twosidefalse
* \@mparswitchfalse
* \@reversemarginfalse
* (1in=72.27pt=25.4mm, 1cm=28.453pt)

ABD: EveryShipout initializing macros
\AtBeginShipoutBox=\box101
Package hyperref Info: Link coloring OFF on input line 96.

("C:\Users\sig35\AppData\Local\Programs\MiKTeX 2.9\tex\latex\hyperref\nameref.s
ty"
Package: nameref 2016/05/21 v2.44 Cross-referencing by name of section

("C:\Users\sig35\AppData\Local\Programs\MiKTeX 2.9\tex\generic\oberdiek\gettitl
estring.sty"
Package: gettitlestring 2016/05/16 v1.5 Cleanup title references (HO)
)
\c@section@level=\count285
)
LaTeX Info: Redefining \ref on input line 96.
LaTeX Info: Redefining \pageref on input line 96.
LaTeX Info: Redefining \nameref on input line 96.
 (deck_u1_1B.out) (deck_u1_1B.out)
\@outlinefile=\write5
\openout5 = `deck_u1_1B.out'.

LaTeX Font Info:    Overwriting symbol font `operators' in version `normal'
(Font)                  OT1/cmr/m/n --> OT1/cmss/m/n on input line 96.
LaTeX Font Info:    Overwriting symbol font `operators' in version `bold'
(Font)                  OT1/cmr/bx/n --> OT1/cmss/bx/n on input line 96.
\symnumbers=\mathgroup6
\sympureletters=\mathgroup7
LaTeX Font Info:    Overwriting math alphabet `\mathrm' in version `normal'
(Font)                  OT1/cmss/m/n --> EU1/lmr/m/n on input line 96.
LaTeX Font Info:    Redeclaring math alphabet \mathbf on input line 96.
LaTeX Font Info:    Overwriting math alphabet `\mathbf' in version `normal'
(Font)                  OT1/cmr/bx/n --> EU1/FiraSansLight(0)/bx/n on input lin
e 96.
LaTeX Font Info:    Overwriting math alphabet `\mathbf' in version `bold'
(Font)                  OT1/cmr/bx/n --> EU1/FiraSansLight(0)/bx/n on input lin
e 96.
LaTeX Font Info:    Redeclaring math alphabet \mathsf on input line 96.
LaTeX Font Info:    Overwriting math alphabet `\mathsf' in version `normal'
(Font)                  OT1/cmss/m/n --> EU1/FiraSansLight(0)/m/n on input line
 96.
LaTeX Font Info:    Overwriting math alphabet `\mathsf' in version `bold'
(Font)                  OT1/cmss/bx/n --> EU1/FiraSansLight(0)/m/n on input lin
e 96.
LaTeX Font Info:    Redeclaring math alphabet \mathit on input line 96.
LaTeX Font Info:    Overwriting math alphabet `\mathit' in version `normal'
(Font)                  OT1/cmr/m/it --> EU1/FiraSansLight(0)/m/it on input lin
e 96.
LaTeX Font Info:    Overwriting math alphabet `\mathit' in version `bold'
(Font)                  OT1/cmr/bx/it --> EU1/FiraSansLight(0)/m/it on input li
ne 96.
LaTeX Font Info:    Redeclaring math alphabet \mathtt on input line 96.
LaTeX Font Info:    Overwriting math alphabet `\mathtt' in version `normal'
(Font)                  OT1/cmtt/m/n --> EU1/FiraMono(0)/m/n on input line 96.
LaTeX Font Info:    Overwriting math alphabet `\mathtt' in version `bold'
(Font)                  OT1/cmtt/m/n --> EU1/FiraMono(0)/m/n on input line 96.
LaTeX Font Info:    Overwriting symbol font `numbers' in version `bold'
(Font)                  EU1/FiraSansLight(0)/m/n --> EU1/FiraSansLight(0)/bx/n 
on input line 96.
LaTeX Font Info:    Overwriting symbol font `pureletters' in version `bold'
(Font)                  EU1/FiraSansLight(0)/m/it --> EU1/FiraSansLight(0)/bx/i
t on input line 96.
LaTeX Font Info:    Overwriting math alphabet `\mathrm' in version `bold'
(Font)                  OT1/cmss/bx/n --> EU1/lmr/bx/n on input line 96.
LaTeX Font Info:    Overwriting math alphabet `\mathbf' in version `bold'
(Font)                  EU1/FiraSansLight(0)/bx/n --> EU1/FiraSansLight(0)/bx/n
 on input line 96.
LaTeX Font Info:    Overwriting math alphabet `\mathsf' in version `bold'
(Font)                  EU1/FiraSansLight(0)/m/n --> EU1/FiraSansLight(0)/bx/n 
on input line 96.
LaTeX Font Info:    Overwriting math alphabet `\mathit' in version `bold'
(Font)                  EU1/FiraSansLight(0)/m/it --> EU1/FiraSansLight(0)/bx/i
t on input line 96.
LaTeX Font Info:    Overwriting math alphabet `\mathtt' in version `bold'
(Font)                  EU1/FiraMono(0)/m/n --> EU1/FiraMono(0)/bx/n on input l
ine 96.

("C:\Users\sig35\AppData\Local\Programs\MiKTeX 2.9\tex\latex\beamer\base\transl
ator\dicts\translator-basic-dictionary\translator-basic-dictionary-English.dict
"
Dictionary: translator-basic-dictionary, Language: English 
)
("C:\Users\sig35\AppData\Local\Programs\MiKTeX 2.9\tex\latex\beamer\base\transl
ator\dicts\translator-bibliography-dictionary\translator-bibliography-dictionar
y-English.dict"
Dictionary: translator-bibliography-dictionary, Language: English 
)
("C:\Users\sig35\AppData\Local\Programs\MiKTeX 2.9\tex\latex\beamer\base\transl
ator\dicts\translator-environment-dictionary\translator-environment-dictionary-
English.dict"
Dictionary: translator-environment-dictionary, Language: English 
)
("C:\Users\sig35\AppData\Local\Programs\MiKTeX 2.9\tex\latex\beamer\base\transl
ator\dicts\translator-months-dictionary\translator-months-dictionary-English.di
ct"
Dictionary: translator-months-dictionary, Language: English 
)
("C:\Users\sig35\AppData\Local\Programs\MiKTeX 2.9\tex\latex\beamer\base\transl
ator\dicts\translator-numbers-dictionary\translator-numbers-dictionary-English.
dict"
Dictionary: translator-numbers-dictionary, Language: English 
)
("C:\Users\sig35\AppData\Local\Programs\MiKTeX 2.9\tex\latex\beamer\base\transl
ator\dicts\translator-theorem-dictionary\translator-theorem-dictionary-English.
dict"
Dictionary: translator-theorem-dictionary, Language: English 
)
LaTeX Info: Redefining \includegraphics on input line 96.
 (deck_u1_1B.nav)
Overfull \vbox (15.63992pt too high) detected at line 97
 []

[1

] [2

]
LaTeX Font Info:    Try loading font information for U+msa on input line 104.

("C:\Users\sig35\AppData\Local\Programs\MiKTeX 2.9\tex\latex\amsfonts\umsa.fd"
File: umsa.fd 2013/01/14 v3.01 AMS symbols A
)
LaTeX Font Info:    Try loading font information for U+msb on input line 104.
("C:\Users\sig35\AppData\Local\Programs\MiKTeX 2.9\tex\latex\amsfonts\umsb.fd"
File: umsb.fd 2013/01/14 v3.01 AMS symbols B
) [3

]
Overfull \hbox (0.4pt too wide) in paragraph at lines 133--133
[][]  
 []


Overfull \vbox (14.06227pt too high) detected at line 133
 []

[4

]
Overfull \hbox (0.4pt too wide) in paragraph at lines 133--133
[][]  
 []


Overfull \vbox (14.06227pt too high) detected at line 133
 []

[5

]
Overfull \hbox (0.4pt too wide) in paragraph at lines 133--133
[][]  
 []


Overfull \vbox (14.06227pt too high) detected at line 133
 []

[6

]
Overfull \hbox (0.4pt too wide) in paragraph at lines 133--133
[][]  
 []


Overfull \vbox (14.06227pt too high) detected at line 133
 []

[7

]
Overfull \hbox (0.4pt too wide) in paragraph at lines 133--133
[][]  
 []


Overfull \vbox (14.06227pt too high) detected at line 133
 []

[8

]
Overfull \hbox (0.4pt too wide) in paragraph at lines 133--133
[][]  
 []


Overfull \vbox (14.06227pt too high) detected at line 133
 []

[9

]
File: figures/soup.png Graphic file (type QTm)
 <use  "figures/soup.png" >
Overfull \hbox (0.4pt too wide) in paragraph at lines 156--156
[][]  
 []


Overfull \vbox (18.77531pt too high) detected at line 156
 []

[10

]
File: figures/tacobowl.jpg Graphic file (type QTm)
 <use  "figures/tacobowl.jpg" >
Overfull \hbox (0.4pt too wide) in paragraph at lines 166--166
[][]  
 []


Overfull \vbox (9.47406pt too high) detected at line 166
 []

[11

]
File: figures/tacobowl_close.jpg Graphic file (type QTm)
 <use  "figures/tacobowl_close.jpg" >
Overfull \hbox (0.4pt too wide) in paragraph at lines 166--166
[][]  
 []

[12

] [13

]
File: figures/sampling_simple.pdf Graphic file (type QTm)
 <use  "figures/sampling_simple.pdf" >
File: figures/sampling_stratified.pdf Graphic file (type QTm)

<use  "figures/sampling_stratified.pdf" >
File: figures/sampling_cluster.pdf Graphic file (type QTm)

<use  "figures/sampling_cluster.pdf" >
File: figures/sampling_multistage.pdf Graphic file (type QTm)

<use  "figures/sampling_multistage.pdf" > [14

]
File: figures/sampling_simple.pdf Graphic file (type QTm)

<use  "figures/sampling_simple.pdf" >
File: figures/sampling_stratified.pdf Graphic file (type QTm)

<use  "figures/sampling_stratified.pdf" >
File: figures/sampling_cluster.pdf Graphic file (type QTm)

<use  "figures/sampling_cluster.pdf" >
File: figures/sampling_multistage.pdf Graphic file (type QTm)

<use  "figures/sampling_multistage.pdf" > [15

]
File: figures/sampling_simple.pdf Graphic file (type QTm)

<use  "figures/sampling_simple.pdf" >
File: figures/sampling_stratified.pdf Graphic file (type QTm)

<use  "figures/sampling_stratified.pdf" >
File: figures/sampling_cluster.pdf Graphic file (type QTm)

<use  "figures/sampling_cluster.pdf" >
File: figures/sampling_multistage.pdf Graphic file (type QTm)

<use  "figures/sampling_multistage.pdf" > [16

]
File: figures/sampling_simple.pdf Graphic file (type QTm)

<use  "figures/sampling_simple.pdf" >
File: figures/sampling_stratified.pdf Graphic file (type QTm)

<use  "figures/sampling_stratified.pdf" >
File: figures/sampling_cluster.pdf Graphic file (type QTm)

<use  "figures/sampling_cluster.pdf" >
File: figures/sampling_multistage.pdf Graphic file (type QTm)

<use  "figures/sampling_multistage.pdf" > [17

] [18

] [19

] [20

]
Overfull \hbox (0.4pt too wide) in paragraph at lines 240--240
[][]  
 []

[21

]
Overfull \hbox (0.4pt too wide) in paragraph at lines 240--240
[][]  
 []

[22

]
Overfull \hbox (0.4pt too wide) in paragraph at lines 240--240
[][]  
 []

[23

]

Class beamer Warning: Frame text is shrunk by a factor of 10.48737 percent inst
ead of 0 percent on input line 278.

[24

]

Class beamer Warning: Frame text is shrunk by a factor of 10.48737 percent inst
ead of 0 percent on input line 278.

[25

] [26

]
File: figures/facebook_study.png Graphic file (type QTm)
 <use  "figures/facebook_study.png" >
Overfull \vbox (6.0495pt too high) detected at line 298
 []

[27

]
Overfull \hbox (0.4pt too wide) in paragraph at lines 320--320
[][]  
 []


Overfull \vbox (40.56625pt too high) detected at line 320
 []

[28

]
Overfull \hbox (0.4pt too wide) in paragraph at lines 320--320
[][]  
 []


Overfull \vbox (40.56625pt too high) detected at line 320
 []

[29

]
Overfull \hbox (0.4pt too wide) in paragraph at lines 320--320
[][]  
 []


Overfull \vbox (40.56625pt too high) detected at line 320
 []

[30

]
Overfull \hbox (0.4pt too wide) in paragraph at lines 320--320
[][]  
 []


Overfull \vbox (40.56625pt too high) detected at line 320
 []

[31

] [32

]
Overfull \hbox (0.4pt too wide) in paragraph at lines 355--355
[][]  
 []

[33

]
Overfull \hbox (0.4pt too wide) in paragraph at lines 355--355
[][]  
 []

[34

]
Overfull \hbox (0.4pt too wide) in paragraph at lines 355--355
[][]  
 []

[35

]
Overfull \hbox (0.4pt too wide) in paragraph at lines 355--355
[][]  
 []

[36

] [37

]
File: figures/random_sample_assignment.pdf Graphic file (type QTm)
 <use  "figures/random_sample_assignment.pdf" >
Overfull \hbox (0.4pt too wide) in paragraph at lines 372--372
[][]  
 []

[38

] [39

]

LaTeX Warning: Reference `mi2' on page 40 undefined on input line 403.


LaTeX Warning: Reference `mi3' on page 40 undefined on input line 403.


LaTeX Warning: Reference `mi4' on page 40 undefined on input line 403.


LaTeX Warning: Reference `mi5' on page 40 undefined on input line 403.


LaTeX Warning: Reference `mi6' on page 40 undefined on input line 403.


Overfull \hbox (0.4pt too wide) in paragraph at lines 403--403
[][]  
 []

[40

] [41

] [42

]
\openout4 = `deck_u1_1B.vrb'.

 (deck_u1_1B.vrb
File: figures/survey/hist_first_kiss.pdf Graphic file (type QTm)
 <use  "figures/survey/hist_first_kiss.pdf" >)
Overfull \hbox (0.4pt too wide) in paragraph at lines 450--450
[][]  
 []


Overfull \vbox (14.01083pt too high) detected at line 450
 []

[43

] (deck_u1_1B.vrb
File: figures/survey/hist_first_kiss.pdf Graphic file (type QTm)
 <use  "figures/survey/hist_first_kiss.pdf" >)
Overfull \hbox (0.4pt too wide) in paragraph at lines 450--450
[][]  
 []


Overfull \vbox (14.01083pt too high) detected at line 450
 []

[44

]
\openout4 = `deck_u1_1B.vrb'.

 (deck_u1_1B.vrb
File: figures/survey/dot_fb_visits_per_day.pdf Graphic file (type QTm)
 <use  "figures/survey/dot_fb_visits_per_day.pdf" >)
Overfull \hbox (0.4pt too wide) in paragraph at lines 478--478
[][]  
 []

[45

] (deck_u1_1B.vrb
File: figures/survey/dot_fb_visits_per_day.pdf Graphic file (type QTm)
 <use  "figures/survey/dot_fb_visits_per_day.pdf" >)
Overfull \hbox (0.4pt too wide) in paragraph at lines 478--478
[][]  
 []

[46

]
File: figures/spatial/soda.png Graphic file (type QTm)
 <use  "figures/spatial/soda.png" > [47

]
File: figures/spatial/yalls.png Graphic file (type QTm)

<use  "figures/spatial/yalls.png" > [48

] [49

]
Overfull \hbox (0.4pt too wide) in paragraph at lines 600--600
[][]  
 []

[50

] [51

] [52

]
Overfull \hbox (0.4pt too wide) in paragraph at lines 687--687
[][]  
 []

[53

]
Overfull \hbox (0.4pt too wide) in paragraph at lines 687--687
[][]  
 []

[54

]
Overfull \hbox (0.4pt too wide) in paragraph at lines 734--734
[][]  
 []

[55

]
Overfull \hbox (0.4pt too wide) in paragraph at lines 787--787
[][]  
 []

[56

]
Overfull \hbox (0.4pt too wide) in paragraph at lines 787--787
[][]  
 []

[57

]
Overfull \hbox (0.4pt too wide) in paragraph at lines 787--787
[][]  
 []

[58

]
Overfull \hbox (0.4pt too wide) in paragraph at lines 787--787
[][]  
 []

[59

]
Overfull \hbox (0.4pt too wide) in paragraph at lines 826--826
[][]  
 []

[60

] [61

]
Overfull \hbox (0.4pt too wide) in paragraph at lines 864--864
[][]  
 []

[62

] [63

]
File: figures/boxPlotLayoutNumVar.pdf Graphic file (type QTm)
 <use  "figures/boxPlotLayoutNumVar.pdf" >
Overfull \hbox (0.4pt too wide) in paragraph at lines 899--899
[][]  
 []


Overfull \vbox (12.19762pt too high) detected at line 899
 []

[64

] [65

] [66

]

LaTeX Warning: Reference `mi7' on page 67 undefined on input line 988.


LaTeX Warning: Reference `mi8' on page 67 undefined on input line 988.


LaTeX Warning: Reference `mi9' on page 67 undefined on input line 988.


LaTeX Warning: Reference `mi10' on page 67 undefined on input line 988.


Overfull \hbox (0.4pt too wide) in paragraph at lines 988--988
[][]  
 []

[67

]
\tf@nav=\write6
\openout6 = `deck_u1_1B.nav'.

\tf@toc=\write7
\openout7 = `deck_u1_1B.toc'.

\tf@snm=\write8
\openout8 = `deck_u1_1B.snm'.

Package atveryend Info: Empty hook `BeforeClearDocument' on input line 992.
Package atveryend Info: Empty hook `AfterLastShipout' on input line 992.
 (deck_u1_1B.aux)
Package atveryend Info: Empty hook `AtVeryEndDocument' on input line 992.
Package atveryend Info: Empty hook `AtEndAfterFileList' on input line 992.


LaTeX Warning: There were undefined references.


LaTeX Warning: Label(s) may have changed. Rerun to get cross-references right.

Package atveryend Info: Empty hook `AtVeryVeryEnd' on input line 992.
 ) 
Here is how much of TeX's memory you used:
 35964 strings out of 428441
 701141 string characters out of 3157317
 709912 words of memory out of 3000000
 38773 multiletter control sequences out of 15000+200000
 13453 words of font info for 94 fonts, out of 3000000 for 9000
 1314 hyphenation exceptions out of 8191
 71i,13n,95p,10462b,698s stack positions out of 5000i,500n,10000p,200000b,50000s

Output written on deck_u1_1B.pdf (67 pages).
