This is XeTeX, Version 3.14159265-2.6-0.99996 (MiKTeX 2.9.6100) (preloaded format=xelatex 2016.11.7)  26 JAN 2017 22:22
entering extended mode
**./topic1.tex
(topic1.tex
LaTeX2e <2016/03/31> patch level 3
Babel <3.9r> and hyphenation patterns for 72 language(s) loaded.

! LaTeX Error: File `foils.cls' not found.

Type X to quit or <RETURN> to proceed,
or enter new name. (Default extension: cls)

Enter file name: 
! Emergency stop.
<read *> 
         
l.2 \usepackage
               {graphicx,natbib}^^M
*** (cannot \read from terminal in nonstop modes)

 
Here is how much of TeX's memory you used:
 10 strings out of 428441
 93 string characters out of 3157317
 52764 words of memory out of 3000000
 3493 multiletter control sequences out of 15000+200000
 3640 words of font info for 14 fonts, out of 3000000 for 9000
 1314 hyphenation exceptions out of 8191
 10i,0n,7p,66b,8s stack positions out of 5000i,500n,10000p,200000b,50000s
No pages of output.
