This is pdfTeX, Version 3.1415926-2.3-1.40.12 (TeX Live 2011) (format=pdflatex 2012.4.16)  8 DEC 2012 21:29
entering extended mode
 restricted \write18 enabled.
 %&-line parsing enabled.
**\input topic1.w.tex
(./topic1.w.tex (/Users/csss/Library/texmf/tex/latex/foiltex/foils.cls
Document Class: foils 1998/08/15 v2.1.3 FoilTeX Class File, Copyright IBM 1995,
1997,1998
(/Users/csss/Library/texmf/tex/latex/foiltex/fltfonts.def
File: fltfonts.def 1998/08/15 v2.1.3 FoilTeX font definition file, Copyright IB
M 1995,1997,1998
\symflasy=\mathgroup4
LaTeX Info: Redefining \em on input line 243.
LaTeX Font Info:    Overwriting symbol font `operators' in version `normal'
(Font)                  OT1/cmr/m/n --> OT1/fcmr/m/n on input line 245.
LaTeX Font Info:    Overwriting symbol font `letters' in version `normal'
(Font)                  OML/cmm/m/it --> OML/fcmm/m/it on input line 246.
LaTeX Font Info:    Overwriting symbol font `symbols' in version `normal'
(Font)                  OMS/cmsy/m/n --> OMS/fcmsy/m/n on input line 247.
LaTeX Font Info:    Overwriting symbol font `largesymbols' in version `normal'
(Font)                  OMX/cmex/m/n --> OMX/fcmex/m/n on input line 248.
LaTeX Font Info:    Overwriting symbol font `operators' in version `bold'
(Font)                  OT1/cmr/bx/n --> OT1/fcmr/bx/n on input line 249.
LaTeX Font Info:    Overwriting symbol font `letters' in version `bold'
(Font)                  OML/cmm/b/it --> OML/fcmm/b/it on input line 250.
LaTeX Font Info:    Overwriting symbol font `symbols' in version `bold'
(Font)                  OMS/cmsy/b/n --> OMS/fcmsy/b/n on input line 251.
LaTeX Font Info:    Overwriting symbol font `largesymbols' in version `bold'
(Font)                  OMX/cmex/m/n --> OMX/fcmex/m/n on input line 252.
LaTeX Font Info:    Redeclaring math alphabet \mathrm on input line 253.
LaTeX Font Info:    Redeclaring math alphabet \mathbf on input line 254.
LaTeX Font Info:    Overwriting math alphabet `\mathbf' in version `normal'
(Font)                  OT1/cmr/bx/n --> OT1/fcmr/bx/n on input line 254.
LaTeX Font Info:    Overwriting math alphabet `\mathbf' in version `bold'
(Font)                  OT1/cmr/bx/n --> OT1/fcmr/bx/n on input line 254.
LaTeX Font Info:    Redeclaring math alphabet \mathsf on input line 255.
LaTeX Font Info:    Overwriting math alphabet `\mathsf' in version `normal'
(Font)                  OT1/cmss/m/n --> OT1/fcmss/m/n on input line 255.
LaTeX Font Info:    Overwriting math alphabet `\mathsf' in version `bold'
(Font)                  OT1/cmss/bx/n --> OT1/fcmss/m/n on input line 255.
LaTeX Font Info:    Redeclaring math alphabet \mathit on input line 256.
LaTeX Font Info:    Overwriting math alphabet `\mathit' in version `normal'
(Font)                  OT1/cmr/m/it --> OT1/fcmr/m/it on input line 256.
LaTeX Font Info:    Overwriting math alphabet `\mathit' in version `bold'
(Font)                  OT1/cmr/bx/it --> OT1/fcmr/m/it on input line 256.
LaTeX Font Info:    Redeclaring math alphabet \mathtt on input line 257.
LaTeX Font Info:    Overwriting math alphabet `\mathtt' in version `normal'
(Font)                  OT1/cmtt/m/n --> OT1/fcmtt/m/n on input line 257.
LaTeX Font Info:    Overwriting math alphabet `\mathtt' in version `bold'
(Font)                  OT1/cmtt/m/n --> OT1/fcmtt/m/n on input line 257.
)
(/Users/csss/Library/texmf/tex/latex/foiltex/foil20.clo
File: foil20.clo 1998/08/15 v2.1.3 FoilTeX file (size option), Copyright IBM 19
95,1997,1998
)
\head@footskip=\dimen102
\@foilheight=\dimen103
\@foilwidth=\dimen104
\abovetitleskip=\skip41
\titleauthorskip=\skip42
\authorauthorskip=\skip43
\authordateskip=\skip44
\dateabstractskip=\skip45
\@tempfootbox=\box26
\@tempfootht=\dimen105
\bibindent=\dimen106
\abovecaptionskip=\skip46
\belowcaptionskip=\skip47
\@captionwidth=\skip48
\captionwidth=\skip49
\abovefloatskip=\skip50
\c@table=\count79
\c@figure=\count80
\foilheadskip=\skip51
\c@Theorem=\count81
\c@Lemma=\count82
\c@Corollary=\count83
\c@Proposition=\count84
\c@Definition=\count85
)
(/usr/local/texlive/2011/texmf-dist/tex/latex/graphics/graphicx.sty
Package: graphicx 1999/02/16 v1.0f Enhanced LaTeX Graphics (DPC,SPQR)

(/usr/local/texlive/2011/texmf-dist/tex/latex/graphics/keyval.sty
Package: keyval 1999/03/16 v1.13 key=value parser (DPC)
\KV@toks@=\toks14
)
(/usr/local/texlive/2011/texmf-dist/tex/latex/graphics/graphics.sty
Package: graphics 2009/02/05 v1.0o Standard LaTeX Graphics (DPC,SPQR)

(/usr/local/texlive/2011/texmf-dist/tex/latex/graphics/trig.sty
Package: trig 1999/03/16 v1.09 sin cos tan (DPC)
)
(/usr/local/texlive/2011/texmf-dist/tex/latex/latexconfig/graphics.cfg
File: graphics.cfg 2010/04/23 v1.9 graphics configuration of TeX Live
)
Package graphics Info: Driver file: pdftex.def on input line 91.

(/usr/local/texlive/2011/texmf-dist/tex/latex/pdftex-def/pdftex.def
File: pdftex.def 2011/05/27 v0.06d Graphics/color for pdfTeX

(/usr/local/texlive/2011/texmf-dist/tex/generic/oberdiek/infwarerr.sty
Package: infwarerr 2010/04/08 v1.3 Providing info/warning/message (HO)
)
(/usr/local/texlive/2011/texmf-dist/tex/generic/oberdiek/ltxcmds.sty
Package: ltxcmds 2011/04/18 v1.20 LaTeX kernel commands for general use (HO)
)
\Gread@gobject=\count86
))
\Gin@req@height=\dimen107
\Gin@req@width=\dimen108
)
(/usr/local/texlive/2011/texmf-dist/tex/latex/natbib/natbib.sty
Package: natbib 2010/09/13 8.31b (PWD, AO)
\bibhang=\skip52
\bibsep=\skip53
LaTeX Info: Redefining \cite on input line 694.
\c@NAT@ctr=\count87
)
(/usr/local/texlive/2011/texmf-dist/tex/latex/setspace/setspace.sty
Package: setspace 2011/12/19 v6.7a set line spacing
)
(/Users/csss/Library/texmf/tex/latex/ppower4/pause.sty
(/usr/local/texlive/2011/texmf-dist/tex/latex/graphics/color.sty
Package: color 2005/11/14 v1.0j Standard LaTeX Color (DPC)

(/usr/local/texlive/2011/texmf-dist/tex/latex/latexconfig/color.cfg
File: color.cfg 2007/01/18 v1.5 color configuration of teTeX/TeXLive
)
Package color Info: Driver file: pdftex.def on input line 130.
))
(/Users/csss/Library/texmf/tex/latex/ppower4/background.sty
(/usr/local/texlive/2011/texmf-dist/tex/latex/eso-pic/eso-pic.sty
Package: eso-pic 2010/10/06 v2.0c eso-pic (RN)

(/usr/local/texlive/2011/texmf-dist/tex/generic/oberdiek/atbegshi.sty
Package: atbegshi 2011/01/30 v1.15 At begin shipout hook (HO)

(/usr/local/texlive/2011/texmf-dist/tex/generic/oberdiek/ifpdf.sty
Package: ifpdf 2011/01/30 v2.3 Provides the ifpdf switch (HO)
Package ifpdf Info: pdfTeX in PDF mode is detected.
))))
(/Users/csss/Library/texmf/tex/latex/ppower4/mpmulti.sty
\@mpm@count=\count88
)
(/Users/csss/Library/texmf/tex/latex/ppower4/pp4slide.sty)
(/usr/local/texlive/2011/texmf-dist/tex/latex/booktabs/booktabs.sty
Package: booktabs 2005/04/14 v1.61803 publication quality tables
\heavyrulewidth=\dimen109
\lightrulewidth=\dimen110
\cmidrulewidth=\dimen111
\belowrulesep=\dimen112
\belowbottomsep=\dimen113
\aboverulesep=\dimen114
\abovetopsep=\dimen115
\cmidrulesep=\dimen116
\cmidrulekern=\dimen117
\defaultaddspace=\dimen118
\@cmidla=\count89
\@cmidlb=\count90
\@aboverulesep=\dimen119
\@belowrulesep=\dimen120
\@thisruleclass=\count91
\@lastruleclass=\count92
\@thisrulewidth=\dimen121
)
(/usr/local/texlive/2011/texmf-dist/tex/latex/amsmath/amsmath.sty
Package: amsmath 2000/07/18 v2.13 AMS math features
\@mathmargin=\skip54

For additional information on amsmath, use the `?' option.
(/usr/local/texlive/2011/texmf-dist/tex/latex/amsmath/amstext.sty
Package: amstext 2000/06/29 v2.01

(/usr/local/texlive/2011/texmf-dist/tex/latex/amsmath/amsgen.sty
File: amsgen.sty 1999/11/30 v2.0
\@emptytoks=\toks15
\ex@=\dimen122
))
(/usr/local/texlive/2011/texmf-dist/tex/latex/amsmath/amsbsy.sty
Package: amsbsy 1999/11/29 v1.2d
\pmbraise@=\dimen123
)
(/usr/local/texlive/2011/texmf-dist/tex/latex/amsmath/amsopn.sty
Package: amsopn 1999/12/14 v2.01 operator names
)
\inf@bad=\count93
LaTeX Info: Redefining \frac on input line 211.
\uproot@=\count94
\leftroot@=\count95
LaTeX Info: Redefining \overline on input line 307.
\classnum@=\count96
\DOTSCASE@=\count97
LaTeX Info: Redefining \ldots on input line 379.
LaTeX Info: Redefining \dots on input line 382.
LaTeX Info: Redefining \cdots on input line 467.
\Mathstrutbox@=\box27
\strutbox@=\box28
\big@size=\dimen124
LaTeX Font Info:    Redeclaring font encoding OML on input line 567.
LaTeX Font Info:    Redeclaring font encoding OMS on input line 568.
\macc@depth=\count98
\c@MaxMatrixCols=\count99
\dotsspace@=\muskip10
\c@parentequation=\count100
\dspbrk@lvl=\count101
\tag@help=\toks16
\row@=\count102
\column@=\count103
\maxfields@=\count104
\andhelp@=\toks17
\eqnshift@=\dimen125
\alignsep@=\dimen126
\tagshift@=\dimen127
\tagwidth@=\dimen128
\totwidth@=\dimen129
\lineht@=\dimen130
\@envbody=\toks18
\multlinegap=\skip55
\multlinetaggap=\skip56
\mathdisplay@stack=\toks19
LaTeX Info: Redefining \[ on input line 2666.
LaTeX Info: Redefining \] on input line 2667.
)
(/usr/local/texlive/2011/texmf-dist/tex/latex/pdf14/pdf14.sty
Package: pdf14 2010/03/26 v0.1 Generate PDF 1.4 documents (mpg)
)
(/usr/local/texlive/2011/texmf-dist/tex/latex/tools/dcolumn.sty
Package: dcolumn 2001/05/28 v1.06 decimal alignment package (DPC)

(/usr/local/texlive/2011/texmf-dist/tex/latex/tools/array.sty
Package: array 2008/09/09 v2.4c Tabular extension package (FMi)
\col@sep=\dimen131
\extrarowheight=\dimen132
\NC@list=\toks20
\extratabsurround=\skip57
\backup@length=\skip58
))

! LaTeX Error: Option clash for package graphics.

See the LaTeX manual or LaTeX Companion for explanation.
Type  H <return>  for immediate help.
 ...                                              
                                                  
l.23 \fi
        
The package graphics has already been loaded with options:
  []
There has now been an attempt to load it with options
  [pdftex]
Adding the global options:
  ,pdftex
to your \documentclass declaration may fix this.
Try typing  <return>  to proceed.

(/usr/local/texlive/2011/texmf-dist/tex/latex/hyperref/hyperref.sty
Package: hyperref 2012/02/06 v6.82o Hypertext links for LaTeX

(/usr/local/texlive/2011/texmf-dist/tex/generic/oberdiek/hobsub-hyperref.sty
Package: hobsub-hyperref 2011/04/23 v1.4 Bundle oberdiek, subset hyperref (HO)

(/usr/local/texlive/2011/texmf-dist/tex/generic/oberdiek/hobsub-generic.sty
Package: hobsub-generic 2011/04/23 v1.4 Bundle oberdiek, subset generic (HO)
Package: hobsub 2011/04/23 v1.4 Subsetting bundle oberdiek (HO)
Package hobsub Info: Skipping package `infwarerr' (already loaded).
Package hobsub Info: Skipping package `ltxcmds' (already loaded).
Package: ifluatex 2010/03/01 v1.3 Provides the ifluatex switch (HO)
Package ifluatex Info: LuaTeX not detected.
Package: ifvtex 2010/03/01 v1.5 Switches for detecting VTeX and its modes (HO)
Package ifvtex Info: VTeX not detected.
Package: intcalc 2007/09/27 v1.1 Expandable integer calculations (HO)
Package hobsub Info: Skipping package `ifpdf' (already loaded).
Package: etexcmds 2011/02/16 v1.5 Prefix for e-TeX command names (HO)
Package etexcmds Info: Could not find \expanded.
(etexcmds)             That can mean that you are not using pdfTeX 1.50 or
(etexcmds)             that some package has redefined \expanded.
(etexcmds)             In the latter case, load this package earlier.
Package: kvsetkeys 2011/04/07 v1.13 Key value parser (HO)
Package: kvdefinekeys 2011/04/07 v1.3 Defining keys (HO)
Package: pdftexcmds 2011/04/22 v0.16 Utilities of pdfTeX for LuaTeX (HO)
Package pdftexcmds Info: LuaTeX not detected.
Package pdftexcmds Info: \pdf@primitive is available.
Package pdftexcmds Info: \pdf@ifprimitive is available.
Package pdftexcmds Info: \pdfdraftmode found.
Package: pdfescape 2011/04/04 v1.12 Provides string conversions (HO)
Package: bigintcalc 2011/01/30 v1.2 Expandable big integer calculations (HO)
Package: bitset 2011/01/30 v1.1 Data type bit set (HO)
Package: uniquecounter 2011/01/30 v1.2 Provides unlimited unique counter (HO)
)
Package hobsub Info: Skipping package `hobsub' (already loaded).
Package: letltxmacro 2010/09/02 v1.4 Let assignment for LaTeX macros (HO)
Package: hopatch 2011/01/30 v1.0 Wrapper for package hooks (HO)
Package: xcolor-patch 2011/01/30 xcolor patch
Package: atveryend 2011/04/23 v1.7 Hooks at very end of document (HO)
Package hobsub Info: Skipping package `atbegshi' (already loaded).
Package: refcount 2010/12/01 v3.2 Data extraction from references (HO)
Package: hycolor 2011/01/30 v1.7 Color options of hyperref/bookmark (HO)
)
(/usr/local/texlive/2011/texmf-dist/tex/generic/ifxetex/ifxetex.sty
Package: ifxetex 2010/09/12 v0.6 Provides ifxetex conditional
)
(/usr/local/texlive/2011/texmf-dist/tex/latex/oberdiek/kvoptions.sty
Package: kvoptions 2010/12/23 v3.10 Keyval support for LaTeX options (HO)
)
\@linkdim=\dimen133
\Hy@linkcounter=\count105
\Hy@pagecounter=\count106

(/usr/local/texlive/2011/texmf-dist/tex/latex/hyperref/pd1enc.def
File: pd1enc.def 2012/02/06 v6.82o Hyperref: PDFDocEncoding definition (HO)
)
\Hy@SavedSpaceFactor=\count107

(/usr/local/texlive/2011/texmf-dist/tex/latex/latexconfig/hyperref.cfg
File: hyperref.cfg 2002/06/06 v1.2 hyperref configuration of TeXLive
)
Package hyperref Info: Option `bookmarksopen' set `true' on input line 3925.
Package hyperref Info: Hyper figures OFF on input line 4046.
Package hyperref Info: Link nesting OFF on input line 4051.
Package hyperref Info: Hyper index ON on input line 4054.
Package hyperref Info: Plain pages OFF on input line 4061.
Package hyperref Info: Backreferencing OFF on input line 4066.
Package hyperref Info: Implicit mode ON; LaTeX internals redefined.
Package hyperref Info: Bookmarks ON on input line 4284.
\c@Hy@tempcnt=\count108

(/usr/local/texlive/2011/texmf-dist/tex/latex/url/url.sty
\Urlmuskip=\muskip11
Package: url 2006/04/12  ver 3.3  Verb mode for urls, etc.
)
LaTeX Info: Redefining \url on input line 4637.
\Fld@menulength=\count109
\Field@Width=\dimen134
\Fld@charsize=\dimen135
Package hyperref Info: Hyper figures OFF on input line 5757.
Package hyperref Info: Link nesting OFF on input line 5762.
Package hyperref Info: Hyper index ON on input line 5765.
Package hyperref Info: backreferencing OFF on input line 5772.
Package hyperref Info: Link coloring OFF on input line 5777.
Package hyperref Info: Link coloring with OCG OFF on input line 5782.
Package hyperref Info: PDF/A mode OFF on input line 5787.
LaTeX Info: Redefining \ref on input line 5827.
LaTeX Info: Redefining \pageref on input line 5831.
\Hy@abspage=\count110
\c@Item=\count111
\c@Hfootnote=\count112
)

Package hyperref Message: Driver (autodetected): hpdftex.

(/usr/local/texlive/2011/texmf-dist/tex/latex/hyperref/hpdftex.def
File: hpdftex.def 2012/02/06 v6.82o Hyperref driver for pdfTeX
\Fld@listcount=\count113
\c@bookmark@seq@number=\count114

(/usr/local/texlive/2011/texmf-dist/tex/latex/oberdiek/rerunfilecheck.sty
Package: rerunfilecheck 2011/04/15 v1.7 Rerun checks for auxiliary files (HO)
Package uniquecounter Info: New unique counter `rerunfilecheck' on input line 2
82.
)
\Hy@SectionHShift=\skip59
)

LaTeX Warning: Unused global option(s):
    [pdflatex].

(./topic1.w.aux)
\openout1 = `topic1.w.aux'.

LaTeX Font Info:    Checking defaults for OML/cmm/m/it on input line 69.
LaTeX Font Info:    ... okay on input line 69.
LaTeX Font Info:    Checking defaults for T1/cmr/m/n on input line 69.
LaTeX Font Info:    ... okay on input line 69.
LaTeX Font Info:    Checking defaults for OT1/cmr/m/n on input line 69.
LaTeX Font Info:    ... okay on input line 69.
LaTeX Font Info:    Checking defaults for OMS/cmsy/m/n on input line 69.
LaTeX Font Info:    ... okay on input line 69.
LaTeX Font Info:    Checking defaults for OMX/cmex/m/n on input line 69.
LaTeX Font Info:    ... okay on input line 69.
LaTeX Font Info:    Checking defaults for U/cmr/m/n on input line 69.
LaTeX Font Info:    ... okay on input line 69.
LaTeX Font Info:    Checking defaults for PD1/pdf/m/n on input line 69.
LaTeX Font Info:    ... okay on input line 69.

(/usr/local/texlive/2011/texmf-dist/tex/context/base/supp-pdf.mkii
[Loading MPS to PDF converter (version 2006.09.02).]
\scratchcounter=\count115
\scratchdimen=\dimen136
\scratchbox=\box29
\nofMPsegments=\count116
\nofMParguments=\count117
\everyMPshowfont=\toks21
\MPscratchCnt=\count118
\MPscratchDim=\dimen137
\MPnumerator=\count119
\makeMPintoPDFobject=\count120
\everyMPtoPDFconversion=\toks22
) (/usr/local/texlive/2011/texmf-dist/tex/latex/oberdiek/epstopdf-base.sty
Package: epstopdf-base 2010/02/09 v2.5 Base part for package epstopdf

(/usr/local/texlive/2011/texmf-dist/tex/latex/oberdiek/grfext.sty
Package: grfext 2010/08/19 v1.1 Managing graphics extensions (HO)
)
Package grfext Info: Graphics extension search list:
(grfext)             [.png,.pdf,.jpg,.mps,.jpeg,.jbig2,.jb2,.PNG,.PDF,.JPG,.JPE
G,.JBIG2,.JB2,.eps]
(grfext)             \AppendGraphicsExtensions on input line 452.

(/usr/local/texlive/2011/texmf-dist/tex/latex/latexconfig/epstopdf-sys.cfg
File: epstopdf-sys.cfg 2010/07/13 v1.3 Configuration of (r)epstopdf for TeX Liv
e
))
\AtBeginShipoutBox=\box30
Package hyperref Info: Link coloring OFF on input line 69.

(/usr/local/texlive/2011/texmf-dist/tex/latex/hyperref/nameref.sty
Package: nameref 2010/04/30 v2.40 Cross-referencing by name of section

(/usr/local/texlive/2011/texmf-dist/tex/generic/oberdiek/gettitlestring.sty
Package: gettitlestring 2010/12/03 v1.4 Cleanup title references (HO)
)
\c@section@level=\count121
)
LaTeX Info: Redefining \ref on input line 69.
LaTeX Info: Redefining \pageref on input line 69.
LaTeX Info: Redefining \nameref on input line 69.

(./topic1.w.out) (./topic1.w.out)
\@outlinefile=\write3
\openout3 = `topic1.w.out'.


! Missing } inserted.
<inserted text> 
                }
l.74 \pagestyle
               {empty}
I've put in what seems to be necessary to fix
the current column of the current alignment.
Try to go on, since this might almost work.

! Extra }, or forgotten \endgroup.
<recently read> }
                 
l.74 \pagestyle
               {empty}
I've deleted a group-closing symbol because it seems to be
spurious, as in `$x}$'. But perhaps the } is legitimate and
you forgot something else, as in `\hbox{$x}'. In such cases
the way to recover is to insert both the forgotten and the
deleted material, e.g., by typing `I$}'.

[0

{/usr/local/texlive/2011/texmf-var/fonts/map/pdftex/updmap/pdftex.map}]
[1

] [2] [3] [4]
LaTeX Font Info:    Font shape `OT1/fcmss/bx/sl' in size <24.88> not available
(Font)              Font shape `OT1/fcmr/bx/sl' tried instead on input line 178
.


! LaTeX Error: File `shuttle' not found.

See the LaTeX manual or LaTeX Companion for explanation.
Type  H <return>  for immediate help.
 ...                                              
                                                  
l.182 ...raphics[width=9.5 in,,angle=180]{shuttle}
                                                  
I could not locate the file with any of these extensions:
.png,.pdf,.jpg,.mps,.jpeg,.jbig2,.jb2,.PNG,.PDF,.JPG,.JPEG,.JBIG2,.JB2,.eps
Try typing  <return>  to proceed.
If that doesn't work, type  X <return>  to quit.

[5] [6] [7] [8] [9] <tufte_challenger_1.pdf, id=62, 298.35666pt x 165.50734pt>
File: tufte_challenger_1.pdf Graphic file (type pdf)

<use tufte_challenger_1.pdf>
Package pdftex.def Info: tufte_challenger_1.pdf used on input line 307.
(pdftex.def)             Requested size: 686.56499pt x 380.91139pt.


! LaTeX Error: There's no line here to end.

See the LaTeX manual or LaTeX Companion for explanation.
Type  H <return>  for immediate help.
 ...                                              
                                                  
l.313 ...n]{The \emph{Challenger} launch decision}
                                                  
Your command was ignored.
Type  I <command> <return>  to replace it with another command,
or  <return>  to continue without it.

<whiteback.jpg, id=63, 72.27pt x 72.27pt>
File: whiteback.jpg Graphic file (type jpg)
 <use whiteback.jpg>
Package pdftex.def Info: whiteback.jpg used on input line 313.
(pdftex.def)             Requested size: 867.47696pt x 390.36346pt.

Overfull \hbox (72.50697pt too wide) has occurred while \output is active
[][] 
 []

[10 <./whiteback.jpg> <./tufte_challenger_1.pdf>] [11]
<tufte_challenger_2.pdf, id=74, 505.37909pt x 194.29088pt>
File: tufte_challenger_2.pdf Graphic file (type pdf)

<use tufte_challenger_2.pdf>
Package pdftex.def Info: tufte_challenger_2.pdf used on input line 325.
(pdftex.def)             Requested size: 758.83499pt x 291.73204pt.

Overfull \hbox (21.68123pt too wide) in paragraph at lines 325--326
 [] 
 []


! LaTeX Error: There's no line here to end.

See the LaTeX manual or LaTeX Companion for explanation.
Type  H <return>  for immediate help.
 ...                                              
                                                  
l.331 ...n]{The \emph{Challenger} launch decision}
                                                  
Your command was ignored.
Type  I <command> <return>  to replace it with another command,
or  <return>  to continue without it.

File: whiteback.jpg Graphic file (type jpg)
<use whiteback.jpg>
Package pdftex.def Info: whiteback.jpg used on input line 331.
(pdftex.def)             Requested size: 867.47696pt x 339.7616pt.

Overfull \hbox (72.50697pt too wide) has occurred while \output is active
[][] 
 []

[12 <./tufte_challenger_2.pdf>] [13] [14]
<chall1.pdf, id=90, 325.215pt x 195.73125pt>
File: chall1.pdf Graphic file (type pdf)
 <use chall1.pdf>
Package pdftex.def Info: chall1.pdf used on input line 389.
(pdftex.def)             Requested size: 758.83499pt x 456.74292pt.

Overfull \hbox (21.68123pt too wide) in paragraph at lines 389--390
 [] 
 []


! LaTeX Error: There's no line here to end.

See the LaTeX manual or LaTeX Companion for explanation.
Type  H <return>  for immediate help.
 ...                                              
                                                  
l.394 \foilhead[-0.75in]{}
                          
Your command was ignored.
Type  I <command> <return>  to replace it with another command,
or  <return>  to continue without it.

File: whiteback.jpg Graphic file (type jpg)
<use whiteback.jpg>
Package pdftex.def Info: whiteback.jpg used on input line 394.
(pdftex.def)             Requested size: 867.47696pt x 867.47696pt.

Overfull \hbox (72.50697pt too wide) has occurred while \output is active
[][] 
 []

[15 <./chall1.pdf>] <chall2.pdf, id=107, 325.215pt x 195.73125pt>
File: chall2.pdf Graphic file (type pdf)

<use chall2.pdf>
Package pdftex.def Info: chall2.pdf used on input line 398.
(pdftex.def)             Requested size: 758.83499pt x 456.74292pt.

Overfull \hbox (21.68123pt too wide) in paragraph at lines 398--399
 [] 
 []


! LaTeX Error: There's no line here to end.

See the LaTeX manual or LaTeX Companion for explanation.
Type  H <return>  for immediate help.
 ...                                              
                                                  
l.403 \foilhead[-0.75in]{}
                          
Your command was ignored.
Type  I <command> <return>  to replace it with another command,
or  <return>  to continue without it.

File: whiteback.jpg Graphic file (type jpg)
<use whiteback.jpg>
Package pdftex.def Info: whiteback.jpg used on input line 403.
(pdftex.def)             Requested size: 867.47696pt x 867.47696pt.

Overfull \hbox (72.50697pt too wide) has occurred while \output is active
[][] 
 []

[16 <./chall2.pdf>] <chall3.pdf, id=124, 325.215pt x 195.73125pt>
File: chall3.pdf Graphic file (type pdf)

<use chall3.pdf>
Package pdftex.def Info: chall3.pdf used on input line 407.
(pdftex.def)             Requested size: 758.83499pt x 456.74292pt.

Overfull \hbox (21.68123pt too wide) in paragraph at lines 407--408
 [] 
 []


! LaTeX Error: There's no line here to end.

See the LaTeX manual or LaTeX Companion for explanation.
Type  H <return>  for immediate help.
 ...                                              
                                                  
l.412 \foilhead[-0.75in]{}
                          
Your command was ignored.
Type  I <command> <return>  to replace it with another command,
or  <return>  to continue without it.

File: whiteback.jpg Graphic file (type jpg)
<use whiteback.jpg>
Package pdftex.def Info: whiteback.jpg used on input line 412.
(pdftex.def)             Requested size: 867.47696pt x 867.47696pt.

Overfull \hbox (72.50697pt too wide) has occurred while \output is active
[][] 
 []

[17 <./chall3.pdf>] <chall4.pdf, id=141, 325.215pt x 195.73125pt>
File: chall4.pdf Graphic file (type pdf)

<use chall4.pdf>
Package pdftex.def Info: chall4.pdf used on input line 416.
(pdftex.def)             Requested size: 758.83499pt x 456.74292pt.

Overfull \hbox (21.68123pt too wide) in paragraph at lines 416--417
 [] 
 []


! LaTeX Error: There's no line here to end.

See the LaTeX manual or LaTeX Companion for explanation.
Type  H <return>  for immediate help.
 ...                                              
                                                  
l.421 \foilhead[-0.75in]{}
                          
Your command was ignored.
Type  I <command> <return>  to replace it with another command,
or  <return>  to continue without it.

File: whiteback.jpg Graphic file (type jpg)
<use whiteback.jpg>
Package pdftex.def Info: whiteback.jpg used on input line 421.
(pdftex.def)             Requested size: 867.47696pt x 867.47696pt.

Overfull \hbox (72.50697pt too wide) has occurred while \output is active
[][] 
 []

[18 <./chall4.pdf>] <chall5.pdf, id=159, 325.215pt x 195.73125pt>
File: chall5.pdf Graphic file (type pdf)

<use chall5.pdf>
Package pdftex.def Info: chall5.pdf used on input line 425.
(pdftex.def)             Requested size: 758.83499pt x 456.74292pt.

Overfull \hbox (21.68123pt too wide) in paragraph at lines 425--426
 [] 
 []


! LaTeX Error: There's no line here to end.

See the LaTeX manual or LaTeX Companion for explanation.
Type  H <return>  for immediate help.
 ...                                              
                                                  
l.432 \foilhead[-0.75in]{}
                          
Your command was ignored.
Type  I <command> <return>  to replace it with another command,
or  <return>  to continue without it.

File: whiteback.jpg Graphic file (type jpg)
<use whiteback.jpg>
Package pdftex.def Info: whiteback.jpg used on input line 432.
(pdftex.def)             Requested size: 867.47696pt x 867.47696pt.

Overfull \hbox (72.50697pt too wide) has occurred while \output is active
[][] 
 []

[19 <./chall5.pdf>] <chall6.pdf, id=176, 325.215pt x 195.73125pt>
File: chall6.pdf Graphic file (type pdf)

<use chall6.pdf>
Package pdftex.def Info: chall6.pdf used on input line 436.
(pdftex.def)             Requested size: 758.83499pt x 456.74292pt.

Overfull \hbox (21.68123pt too wide) in paragraph at lines 436--437
 [] 
 []


! LaTeX Error: There's no line here to end.

See the LaTeX manual or LaTeX Companion for explanation.
Type  H <return>  for immediate help.
 ...                                              
                                                  
l.445 \foilhead[-0.75in]{}
                          
Your command was ignored.
Type  I <command> <return>  to replace it with another command,
or  <return>  to continue without it.

File: whiteback.jpg Graphic file (type jpg)
<use whiteback.jpg>
Package pdftex.def Info: whiteback.jpg used on input line 445.
(pdftex.def)             Requested size: 867.47696pt x 867.47696pt.

Overfull \hbox (72.50697pt too wide) has occurred while \output is active
[][] 
 []

[20 <./chall6.pdf>]
File: chall6.pdf Graphic file (type pdf)
 <use chall6.pdf>
Package pdftex.def Info: chall6.pdf used on input line 449.
(pdftex.def)             Requested size: 758.83499pt x 456.74292pt.

Overfull \hbox (21.68123pt too wide) in paragraph at lines 449--450
 [] 
 []


! LaTeX Error: There's no line here to end.

See the LaTeX manual or LaTeX Companion for explanation.
Type  H <return>  for immediate help.
 ...                                              
                                                  
l.459 \foilhead[-0.75in]{}
                          
Your command was ignored.
Type  I <command> <return>  to replace it with another command,
or  <return>  to continue without it.

File: whiteback.jpg Graphic file (type jpg)
<use whiteback.jpg>
Package pdftex.def Info: whiteback.jpg used on input line 459.
(pdftex.def)             Requested size: 867.47696pt x 867.47696pt.

Overfull \hbox (72.50697pt too wide) has occurred while \output is active
[][] 
 []

[21]

pdfTeX warning: pdflatex (file ./feynnman.pdf): PDF inclusion: found PDF versio
n <1.6>, but at most version <1.4> allowed
<feynnman.pdf, id=197, 309.98035pt x 275.66087pt>
File: feynnman.pdf Graphic file (type pdf)
 <use feynnman.pdf>
Package pdftex.def Info: feynnman.pdf used on input line 466.
(pdftex.def)             Requested size: 325.215pt x 289.2169pt.
 [22 <./feynnman.pdf>] [23] [24]
LaTeX Font Info:    Font shape `OT1/fcmtt/bx/n' in size <24.88> not available
(Font)              Font shape `OT1/fcmtt/m/n' tried instead on input line 518.

 [25] [26] [27] [28] [29] [30]
LaTeX Font Info:    Font shape `OMS/fcmss/m/n' in size <20.74> not available
(Font)              Font shape `OMS/fcmsy/m/n' tried instead on input line 663.

 [31] [32] [33] [34]
[35] [36] [37] [38] [39] [40] [41] [42] [43] [44] [45] [46] [47] [48] [49]
[50] <gdphist_all.pdf, id=327, 325.215pt x 325.215pt>
File: gdphist_all.pdf Graphic file (type pdf)
 <use gdphist_all.pdf>
Package pdftex.def Info: gdphist_all.pdf used on input line 1037.
(pdftex.def)             Requested size: 542.025pt x 542.06502pt.


! LaTeX Error: There's no line here to end.

See the LaTeX manual or LaTeX Companion for explanation.
Type  H <return>  for immediate help.
 ...                                              
                                                  
l.1041 \foilhead[-0.75in]{}
                           
Your command was ignored.
Type  I <command> <return>  to replace it with another command,
or  <return>  to continue without it.

File: whiteback.jpg Graphic file (type jpg)
<use whiteback.jpg>
Package pdftex.def Info: whiteback.jpg used on input line 1041.
(pdftex.def)             Requested size: 867.47696pt x 650.60799pt.

Overfull \hbox (72.50697pt too wide) has occurred while \output is active
[][] 
 []

[51 <./gdphist_all.pdf>] <gdphist_dem.pdf, id=341, 325.215pt x 325.215pt>
File: gdphist_dem.pdf Graphic file (type pdf)

<use gdphist_dem.pdf>
Package pdftex.def Info: gdphist_dem.pdf used on input line 1047.
(pdftex.def)             Requested size: 542.025pt x 542.06502pt.


! LaTeX Error: There's no line here to end.

See the LaTeX manual or LaTeX Companion for explanation.
Type  H <return>  for immediate help.
 ...                                              
                                                  
l.1052 \foilhead[-0.75in]{}
                           
Your command was ignored.
Type  I <command> <return>  to replace it with another command,
or  <return>  to continue without it.

File: whiteback.jpg Graphic file (type jpg)
<use whiteback.jpg>
Package pdftex.def Info: whiteback.jpg used on input line 1052.
(pdftex.def)             Requested size: 867.47696pt x 650.60799pt.

Overfull \hbox (72.50697pt too wide) has occurred while \output is active
[][] 
 []

[52 <./gdphist_dem.pdf>] <gdphist_rep.pdf, id=354, 325.215pt x 325.215pt>
File: gdphist_rep.pdf Graphic file (type pdf)

<use gdphist_rep.pdf>
Package pdftex.def Info: gdphist_rep.pdf used on input line 1058.
(pdftex.def)             Requested size: 542.025pt x 542.06502pt.


! LaTeX Error: There's no line here to end.

See the LaTeX manual or LaTeX Companion for explanation.
Type  H <return>  for immediate help.
 ...                                              
                                                  
l.1062 \foilhead[-0.75in]{}
                           
Your command was ignored.
Type  I <command> <return>  to replace it with another command,
or  <return>  to continue without it.

File: whiteback.jpg Graphic file (type jpg)
<use whiteback.jpg>
Package pdftex.def Info: whiteback.jpg used on input line 1062.
(pdftex.def)             Requested size: 867.47696pt x 650.60799pt.

Overfull \hbox (72.50697pt too wide) has occurred while \output is active
[][] 
 []

[53 <./gdphist_rep.pdf>] [54] <gdpbox1.pdf, id=372, 376.60701pt x 305.943pt>
File: gdpbox1.pdf Graphic file (type pdf)

<use gdpbox1.pdf>
Package pdftex.def Info: gdpbox1.pdf used on input line 1094.
(pdftex.def)             Requested size: 650.43pt x 528.44778pt.


! LaTeX Error: There's no line here to end.

See the LaTeX manual or LaTeX Companion for explanation.
Type  H <return>  for immediate help.
 ...                                              
                                                  
l.1098 ...lots:  Annual US GDP growth, 1951--2000}
                                                  
Your command was ignored.
Type  I <command> <return>  to replace it with another command,
or  <return>  to continue without it.

File: whiteback.jpg Graphic file (type jpg)
<use whiteback.jpg>
Package pdftex.def Info: whiteback.jpg used on input line 1098.
(pdftex.def)             Requested size: 867.47696pt x 650.60799pt.

Overfull \hbox (72.50697pt too wide) has occurred while \output is active
[][] 
 []

[55 <./gdpbox1.pdf>] <gdpbox2.pdf, id=443, 376.60701pt x 305.943pt>
File: gdpbox2.pdf Graphic file (type pdf)

<use gdpbox2.pdf>
Package pdftex.def Info: gdpbox2.pdf used on input line 1104.
(pdftex.def)             Requested size: 650.43pt x 528.44778pt.


! LaTeX Error: There's no line here to end.

See the LaTeX manual or LaTeX Companion for explanation.
Type  H <return>  for immediate help.
 ...                                              
                                                  
l.1108 ...lots:  Annual US GDP growth, 1951--2000}
                                                  
Your command was ignored.
Type  I <command> <return>  to replace it with another command,
or  <return>  to continue without it.

File: whiteback.jpg Graphic file (type jpg)
<use whiteback.jpg>
Package pdftex.def Info: whiteback.jpg used on input line 1108.
(pdftex.def)             Requested size: 867.47696pt x 650.60799pt.

Overfull \hbox (72.50697pt too wide) has occurred while \output is active
[][] 
 []

[56 <./gdpbox2.pdf>] <gdpbox4.pdf, id=523, 376.60701pt x 305.943pt>
File: gdpbox4.pdf Graphic file (type pdf)

<use gdpbox4.pdf>
Package pdftex.def Info: gdpbox4.pdf used on input line 1114.
(pdftex.def)             Requested size: 650.43pt x 528.44778pt.


! LaTeX Error: There's no line here to end.

See the LaTeX manual or LaTeX Companion for explanation.
Type  H <return>  for immediate help.
 ...                                              
                                                  
l.1118 ...lots:  Annual US GDP growth, 1951--2000}
                                                  
Your command was ignored.
Type  I <command> <return>  to replace it with another command,
or  <return>  to continue without it.

File: whiteback.jpg Graphic file (type jpg)
<use whiteback.jpg>
Package pdftex.def Info: whiteback.jpg used on input line 1118.
(pdftex.def)             Requested size: 867.47696pt x 650.60799pt.

Overfull \hbox (72.50697pt too wide) has occurred while \output is active
[][] 
 []

[57 <./gdpbox4.pdf>] <gdpbox3.pdf, id=603, 383.834pt x 291.489pt>
File: gdpbox3.pdf Graphic file (type pdf)

<use gdpbox3.pdf>
Package pdftex.def Info: gdpbox3.pdf used on input line 1124.
(pdftex.def)             Requested size: 650.43pt x 493.96802pt.


! LaTeX Error: There's no line here to end.

See the LaTeX manual or LaTeX Companion for explanation.
Type  H <return>  for immediate help.
 ...                                              
                                                  
l.1130 \foilhead[-0.75in]{Help!}
                                
Your command was ignored.
Type  I <command> <return>  to replace it with another command,
or  <return>  to continue without it.

File: whiteback.jpg Graphic file (type jpg)
<use whiteback.jpg>
Package pdftex.def Info: whiteback.jpg used on input line 1130.
(pdftex.def)             Requested size: 867.47696pt x 650.60799pt.

Overfull \hbox (72.50697pt too wide) has occurred while \output is active
[][] 
 []

[58 <./gdpbox3.pdf>] [59] [60] [61]
Underfull \hbox (badness 10000) in paragraph at lines 1202--1205

 []

[62] [63] [64] [65] [66] [67]
<predictedfert1.pdf, id=721, 361.35pt x 361.35pt>
File: predictedfert1.pdf Graphic file (type pdf)
 <use predictedfert1.pdf>
Package pdftex.def Info: predictedfert1.pdf used on input line 1323.
(pdftex.def)             Requested size: 484.20877pt x 484.212pt.
Package atveryend Info: Empty hook `BeforeClearDocument' on input line 1327.


! LaTeX Error: There's no line here to end.

See the LaTeX manual or LaTeX Companion for explanation.
Type  H <return>  for immediate help.
 ...                                              
                                                  
l.1327 \end{document}
                     
Your command was ignored.
Type  I <command> <return>  to replace it with another command,
or  <return>  to continue without it.

File: whiteback.jpg Graphic file (type jpg)
<use whiteback.jpg>
Package pdftex.def Info: whiteback.jpg used on input line 1327.
(pdftex.def)             Requested size: 867.47696pt x 444.58127pt.

Overfull \hbox (72.50697pt too wide) has occurred while \output is active
[][] 
 []

[68 <./predictedfert1.pdf>]
Package atveryend Info: Empty hook `AfterLastShipout' on input line 1327.
 (./topic1.w.aux)
Package atveryend Info: Executing hook `AtVeryEndDocument' on input line 1327.
Package atveryend Info: Executing hook `AtEndAfterFileList' on input line 1327.

Package rerunfilecheck Info: File `topic1.w.out' has not changed.
(rerunfilecheck)             Checksum: D41D8CD98F00B204E9800998ECF8427E;0.
 ) 
Here is how much of TeX's memory you used:
 6668 strings out of 493606
 97451 string characters out of 3142350
 176882 words of memory out of 3000000
 9789 multiletter control sequences out of 15000+200000
 11198 words of font info for 42 fonts, out of 3000000 for 9000
 831 hyphenation exceptions out of 8191
 36i,14n,35p,248b,319s stack positions out of 5000i,500n,10000p,200000b,50000s
</usr/local/texlive/2011/texmf-dist/fonts/type1/public/amsfonts/cm/cmbxsl10.p
fb></usr/local/texlive/2011/texmf-dist/fonts/type1/public/amsfonts/cm/cmmi10.pf
b></usr/local/texlive/2011/texmf-dist/fonts/type1/public/amsfonts/cm/cmmi7.pfb>
</usr/local/texlive/2011/texmf-dist/fonts/type1/public/amsfonts/cm/cmr10.pfb></
usr/local/texlive/2011/texmf-dist/fonts/type1/public/amsfonts/cm/cmr7.pfb></usr
/local/texlive/2011/texmf-dist/fonts/type1/public/amsfonts/cm/cmss10.pfb></usr/
local/texlive/2011/texmf-dist/fonts/type1/public/amsfonts/cm/cmssbx10.pfb></usr
/local/texlive/2011/texmf-dist/fonts/type1/public/amsfonts/cm/cmssi10.pfb></usr
/local/texlive/2011/texmf-dist/fonts/type1/public/amsfonts/cm/cmsy10.pfb></usr/
local/texlive/2011/texmf-dist/fonts/type1/public/amsfonts/cm/cmsy7.pfb></usr/lo
cal/texlive/2011/texmf-dist/fonts/type1/public/amsfonts/cm/cmtt10.pfb>
Output written on topic1.w.pdf (69 pages, 2448484 bytes).
PDF statistics:
 790 PDF objects out of 1000 (max. 8388607)
 82 named destinations out of 1000 (max. 500000)
 91 words of extra memory for PDF output out of 10000 (max. 10000000)

